[2020-06-04 12:12:47] production.ERROR: http parameters {"route":"order.my-comment.paging","uid":"125885","page":"1","status":"0","i":"39","uuid":"0","type":"2","shop_id":"null"} 
[2020-06-04 12:12:47] production.ERROR: Symfony\Component\Debug\Exception\FatalThrowableError: Call to undefined method DB::table() in /www/wwwroot/www.aijuyi.net/addons/yun_shop/app/yunshop.php:525
Stack trace:
#0 /www/wwwroot/www.aijuyi.net/addons/yun_shop/app/frontend/modules/member/services/MemberService.php(84): YunApp->getMemberId()
#1 /www/wwwroot/www.aijuyi.net/addons/yun_shop/app/frontend/modules/member/services/MemberMiniAppService.php(247): app\frontend\modules\member\services\MemberService::isLogged()
#2 /www/wwwroot/www.aijuyi.net/addons/yun_shop/app/common/components/ApiController.php(83): app\frontend\modules\member\services\MemberMiniAppService->checkLogged()
#3 /www/wwwroot/www.aijuyi.net/addons/yun_shop/app/yunshop.php(62): app\common\components\ApiController->preAction()
#4 /www/wwwroot/www.aijuyi.net/addons/yun_shop/app/yunshop.php(300): YunShop::run('app\\frontend\\mo...', Array, 'MyComment', 'paging', Array)
#5 /www/wwwroot/www.aijuyi.net/addons/yun_shop/routes/web.php(61): YunShop::parseRoute('order.my-commen...')
#6 /www/wwwroot/www.aijuyi.net/addons/yun_shop/vendor/laravel/framework/src/Illuminate/Routing/Route.php(176): app\common\providers\RouteServiceProvider->{closure}()
#7 /www/wwwroot/www.aijuyi.net/addons/yun_shop/vendor/laravel/framework/src/Illuminate/Routing/Route.php(147): Illuminate\Routing\Route->runCallable()
#8 /www/wwwroot/www.aijuyi.net/addons/yun_shop/vendor/laravel/framework/src/Illuminate/Routing/Router.php(653): Illuminate\Routing\Route->run(Object(app\framework\Http\Request))
#9 /www/wwwroot/www.aijuyi.net/addons/yun_shop/vendor/laravel/framework/src/Illuminate/Routing/Pipeline.php(53): Illuminate\Routing\Router->Illuminate\Routing\{closure}(Object(app\framework\Http\Request))
#10 /www/wwwroot/www.aijuyi.net/addons/yun_shop/vendor/laravel/framework/src/Illuminate/Pipeline/Pipeline.php(104): Illuminate\Routing\Pipeline->Illuminate\Routing\{closure}(Object(app\framework\Http\Request))
#11 /www/wwwroot/www.aijuyi.net/addons/yun_shop/vendor/laravel/framework/src/Illuminate/Routing/Router.php(655): Illuminate\Pipeline\Pipeline->then(Object(Closure))
#12 /www/wwwroot/www.aijuyi.net/addons/yun_shop/vendor/laravel/framework/src/Illuminate/Routing/Router.php(629): Illuminate\Routing\Router->runRouteWithinStack(Object(Illuminate\Routing\Route), Object(app\framework\Http\Request))
#13 /www/wwwroot/www.aijuyi.net/addons/yun_shop/vendor/laravel/framework/src/Illuminate/Routing/Router.php(607): Illuminate\Routing\Router->dispatchToRoute(Object(app\framework\Http\Request))
#14 /www/wwwroot/www.aijuyi.net/addons/yun_shop/vendor/laravel/framework/src/Illuminate/Foundation/Http/Kernel.php(268): Illuminate\Routing\Router->dispatch(Object(app\framework\Http\Request))
#15 /www/wwwroot/www.aijuyi.net/addons/yun_shop/vendor/laravel/framework/src/Illuminate/Routing/Pipeline.php(53): Illuminate\Foundation\Http\Kernel->Illuminate\Foundation\Http\{closure}(Object(app\framework\Http\Request))
#16 /www/wwwroot/www.aijuyi.net/addons/yun_shop/vendor/laravel/framework/src/Illuminate/Foundation/Http/Middleware/CheckForMaintenanceMode.php(46): Illuminate\Routing\Pipeline->Illuminate\Routing\{closure}(Object(app\framework\Http\Request))
#17 /www/wwwroot/www.aijuyi.net/addons/yun_shop/vendor/laravel/framework/src/Illuminate/Pipeline/Pipeline.php(137): Illuminate\Foundation\Http\Middleware\CheckForMaintenanceMode->handle(Object(app\framework\Http\Request), Object(Closure))
#18 /www/wwwroot/www.aijuyi.net/addons/yun_shop/vendor/laravel/framework/src/Illuminate/Routing/Pipeline.php(33): Illuminate\Pipeline\Pipeline->Illuminate\Pipeline\{closure}(Object(app\framework\Http\Request))
#19 /www/wwwroot/www.aijuyi.net/addons/yun_shop/vendor/laravel/framework/src/Illuminate/Pipeline/Pipeline.php(104): Illuminate\Routing\Pipeline->Illuminate\Routing\{closure}(Object(app\framework\Http\Request))
#20 /www/wwwroot/www.aijuyi.net/addons/yun_shop/vendor/laravel/framework/src/Illuminate/Foundation/Http/Kernel.php(150): Illuminate\Pipeline\Pipeline->then(Object(Closure))
#21 /www/wwwroot/www.aijuyi.net/addons/yun_shop/vendor/laravel/framework/src/Illuminate/Foundation/Http/Kernel.php(117): Illuminate\Foundation\Http\Kernel->sendRequestThroughRouter(Object(app\framework\Http\Request))
#22 /www/wwwroot/www.aijuyi.net/addons/yun_shop/app/laravel.php(47): Illuminate\Foundation\Http\Kernel->handle(Object(app\framework\Http\Request))
#23 /www/wwwroot/www.aijuyi.net/addons/yun_shop/api.php(17): include_once('/www/wwwroot/ww...')
#24 {main}  
[2020-06-04 12:18:46] production.ERROR: http parameters {"route":"order.my-comment.paging","openid_token":"732f6a79bb7f5743ec0f1451fd55cc28","page":"1","status":"0","i":"39","uuid":"0","type":"2","shop_id":"null"} 
[2020-06-04 12:18:46] production.ERROR: Symfony\Component\Debug\Exception\FatalThrowableError: Call to undefined method DB::table() in /www/wwwroot/www.aijuyi.net/addons/yun_shop/app/yunshop.php:525
Stack trace:
#0 /www/wwwroot/www.aijuyi.net/addons/yun_shop/app/frontend/modules/member/services/MemberService.php(84): YunApp->getMemberId()
#1 /www/wwwroot/www.aijuyi.net/addons/yun_shop/app/frontend/modules/member/services/MemberMiniAppService.php(247): app\frontend\modules\member\services\MemberService::isLogged()
#2 /www/wwwroot/www.aijuyi.net/addons/yun_shop/app/common/components/ApiController.php(83): app\frontend\modules\member\services\MemberMiniAppService->checkLogged()
#3 /www/wwwroot/www.aijuyi.net/addons/yun_shop/app/yunshop.php(62): app\common\components\ApiController->preAction()
#4 /www/wwwroot/www.aijuyi.net/addons/yun_shop/app/yunshop.php(300): YunShop::run('app\\frontend\\mo...', Array, 'MyComment', 'paging', Array)
#5 /www/wwwroot/www.aijuyi.net/addons/yun_shop/routes/web.php(61): YunShop::parseRoute('order.my-commen...')
#6 /www/wwwroot/www.aijuyi.net/addons/yun_shop/vendor/laravel/framework/src/Illuminate/Routing/Route.php(176): app\common\providers\RouteServiceProvider->{closure}()
#7 /www/wwwroot/www.aijuyi.net/addons/yun_shop/vendor/laravel/framework/src/Illuminate/Routing/Route.php(147): Illuminate\Routing\Route->runCallable()
#8 /www/wwwroot/www.aijuyi.net/addons/yun_shop/vendor/laravel/framework/src/Illuminate/Routing/Router.php(653): Illuminate\Routing\Route->run(Object(app\framework\Http\Request))
#9 /www/wwwroot/www.aijuyi.net/addons/yun_shop/vendor/laravel/framework/src/Illuminate/Routing/Pipeline.php(53): Illuminate\Routing\Router->Illuminate\Routing\{closure}(Object(app\framework\Http\Request))
#10 /www/wwwroot/www.aijuyi.net/addons/yun_shop/vendor/laravel/framework/src/Illuminate/Pipeline/Pipeline.php(104): Illuminate\Routing\Pipeline->Illuminate\Routing\{closure}(Object(app\framework\Http\Request))
#11 /www/wwwroot/www.aijuyi.net/addons/yun_shop/vendor/laravel/framework/src/Illuminate/Routing/Router.php(655): Illuminate\Pipeline\Pipeline->then(Object(Closure))
#12 /www/wwwroot/www.aijuyi.net/addons/yun_shop/vendor/laravel/framework/src/Illuminate/Routing/Router.php(629): Illuminate\Routing\Router->runRouteWithinStack(Object(Illuminate\Routing\Route), Object(app\framework\Http\Request))
#13 /www/wwwroot/www.aijuyi.net/addons/yun_shop/vendor/laravel/framework/src/Illuminate/Routing/Router.php(607): Illuminate\Routing\Router->dispatchToRoute(Object(app\framework\Http\Request))
#14 /www/wwwroot/www.aijuyi.net/addons/yun_shop/vendor/laravel/framework/src/Illuminate/Foundation/Http/Kernel.php(268): Illuminate\Routing\Router->dispatch(Object(app\framework\Http\Request))
#15 /www/wwwroot/www.aijuyi.net/addons/yun_shop/vendor/laravel/framework/src/Illuminate/Routing/Pipeline.php(53): Illuminate\Foundation\Http\Kernel->Illuminate\Foundation\Http\{closure}(Object(app\framework\Http\Request))
#16 /www/wwwroot/www.aijuyi.net/addons/yun_shop/vendor/laravel/framework/src/Illuminate/Foundation/Http/Middleware/CheckForMaintenanceMode.php(46): Illuminate\Routing\Pipeline->Illuminate\Routing\{closure}(Object(app\framework\Http\Request))
#17 /www/wwwroot/www.aijuyi.net/addons/yun_shop/vendor/laravel/framework/src/Illuminate/Pipeline/Pipeline.php(137): Illuminate\Foundation\Http\Middleware\CheckForMaintenanceMode->handle(Object(app\framework\Http\Request), Object(Closure))
#18 /www/wwwroot/www.aijuyi.net/addons/yun_shop/vendor/laravel/framework/src/Illuminate/Routing/Pipeline.php(33): Illuminate\Pipeline\Pipeline->Illuminate\Pipeline\{closure}(Object(app\framework\Http\Request))
#19 /www/wwwroot/www.aijuyi.net/addons/yun_shop/vendor/laravel/framework/src/Illuminate/Pipeline/Pipeline.php(104): Illuminate\Routing\Pipeline->Illuminate\Routing\{closure}(Object(app\framework\Http\Request))
#20 /www/wwwroot/www.aijuyi.net/addons/yun_shop/vendor/laravel/framework/src/Illuminate/Foundation/Http/Kernel.php(150): Illuminate\Pipeline\Pipeline->then(Object(Closure))
#21 /www/wwwroot/www.aijuyi.net/addons/yun_shop/vendor/laravel/framework/src/Illuminate/Foundation/Http/Kernel.php(117): Illuminate\Foundation\Http\Kernel->sendRequestThroughRouter(Object(app\framework\Http\Request))
#22 /www/wwwroot/www.aijuyi.net/addons/yun_shop/app/laravel.php(47): Illuminate\Foundation\Http\Kernel->handle(Object(app\framework\Http\Request))
#23 /www/wwwroot/www.aijuyi.net/addons/yun_shop/api.php(17): include_once('/www/wwwroot/ww...')
#24 {main}  
[2020-06-04 15:39:37] production.ERROR: 聚水潭回调失败1 ["订单有误"] 
[2020-06-04 15:45:47] production.ERROR: 聚水潭回调失败1 ["订单有误"] 
[2020-06-04 15:53:44] production.ERROR: 聚水潭回调失败1 ["订单有误"] 
[2020-06-04 16:03:53] production.ERROR: 聚水潭回调失败1 ["订单有误"] 
