[2020-06-05 01:01:02] production.ERROR: Cron run with manager id 241573 is with 119 seconds between last run too late.  
[2020-06-05 14:58:35] production.ERROR: http parameters {"i":"39","uuid":"0","mid":"125607","type":"1","shop_id":"null","route":"dispatch.express","order_id":"228"} 
[2020-06-05 14:58:35] production.ERROR: Symfony\Component\Debug\Exception\FatalThrowableError: Cannot use object of type stdClass as array in /www/wwwroot/www.aijuyi.net/addons/yun_shop/app/frontend/modules/dispatch/controllers/ExpressController.php:40
Stack trace:
#0 /www/wwwroot/www.aijuyi.net/addons/yun_shop/app/yunshop.php(385): app\frontend\modules\dispatch\controllers\ExpressController->index(Object(Illuminate\Http\Request))
#1 /www/wwwroot/www.aijuyi.net/addons/yun_shop/vendor/laravel/framework/src/Illuminate/Pipeline/Pipeline.php(151): YunShop::{closure}(Object(Illuminate\Http\Request))
#2 /www/wwwroot/www.aijuyi.net/addons/yun_shop/app/common/middleware/BasicInformation.php(32): Illuminate\Pipeline\Pipeline->Illuminate\Pipeline\{closure}(Object(Illuminate\Http\Request))
#3 /www/wwwroot/www.aijuyi.net/addons/yun_shop/vendor/laravel/framework/src/Illuminate/Pipeline/Pipeline.php(137): app\common\middleware\BasicInformation->handle(Object(Illuminate\Http\Request), Object(Closure))
#4 /www/wwwroot/www.aijuyi.net/addons/yun_shop/vendor/laravel/framework/src/Illuminate/Pipeline/Pipeline.php(104): Illuminate\Pipeline\Pipeline->Illuminate\Pipeline\{closure}(Object(Illuminate\Http\Request))
#5 /www/wwwroot/www.aijuyi.net/addons/yun_shop/app/yunshop.php(386): Illuminate\Pipeline\Pipeline->then(Object(Closure))
#6 /www/wwwroot/www.aijuyi.net/addons/yun_shop/app/yunshop.php(71): YunShop::getContent(Object(app\frontend\modules\dispatch\controllers\ExpressController), 'index')
#7 /www/wwwroot/www.aijuyi.net/addons/yun_shop/app/yunshop.php(301): YunShop::run('app\\frontend\\mo...', Array, 'Express', 'index', Array)
#8 /www/wwwroot/www.aijuyi.net/addons/yun_shop/routes/web.php(61): YunShop::parseRoute('dispatch.expres...')
#9 /www/wwwroot/www.aijuyi.net/addons/yun_shop/vendor/laravel/framework/src/Illuminate/Routing/Route.php(176): app\common\providers\RouteServiceProvider->{closure}()
#10 /www/wwwroot/www.aijuyi.net/addons/yun_shop/vendor/laravel/framework/src/Illuminate/Routing/Route.php(147): Illuminate\Routing\Route->runCallable()
#11 /www/wwwroot/www.aijuyi.net/addons/yun_shop/vendor/laravel/framework/src/Illuminate/Routing/Router.php(653): Illuminate\Routing\Route->run(Object(app\framework\Http\Request))
#12 /www/wwwroot/www.aijuyi.net/addons/yun_shop/vendor/laravel/framework/src/Illuminate/Routing/Pipeline.php(53): Illuminate\Routing\Router->Illuminate\Routing\{closure}(Object(app\framework\Http\Request))
#13 /www/wwwroot/www.aijuyi.net/addons/yun_shop/vendor/laravel/framework/src/Illuminate/Pipeline/Pipeline.php(104): Illuminate\Routing\Pipeline->Illuminate\Routing\{closure}(Object(app\framework\Http\Request))
#14 /www/wwwroot/www.aijuyi.net/addons/yun_shop/vendor/laravel/framework/src/Illuminate/Routing/Router.php(655): Illuminate\Pipeline\Pipeline->then(Object(Closure))
#15 /www/wwwroot/www.aijuyi.net/addons/yun_shop/vendor/laravel/framework/src/Illuminate/Routing/Router.php(629): Illuminate\Routing\Router->runRouteWithinStack(Object(Illuminate\Routing\Route), Object(app\framework\Http\Request))
#16 /www/wwwroot/www.aijuyi.net/addons/yun_shop/vendor/laravel/framework/src/Illuminate/Routing/Router.php(607): Illuminate\Routing\Router->dispatchToRoute(Object(app\framework\Http\Request))
#17 /www/wwwroot/www.aijuyi.net/addons/yun_shop/vendor/laravel/framework/src/Illuminate/Foundation/Http/Kernel.php(268): Illuminate\Routing\Router->dispatch(Object(app\framework\Http\Request))
#18 /www/wwwroot/www.aijuyi.net/addons/yun_shop/vendor/laravel/framework/src/Illuminate/Routing/Pipeline.php(53): Illuminate\Foundation\Http\Kernel->Illuminate\Foundation\Http\{closure}(Object(app\framework\Http\Request))
#19 /www/wwwroot/www.aijuyi.net/addons/yun_shop/vendor/laravel/framework/src/Illuminate/Foundation/Http/Middleware/CheckForMaintenanceMode.php(46): Illuminate\Routing\Pipeline->Illuminate\Routing\{closure}(Object(app\framework\Http\Request))
#20 /www/wwwroot/www.aijuyi.net/addons/yun_shop/vendor/laravel/framework/src/Illuminate/Pipeline/Pipeline.php(137): Illuminate\Foundation\Http\Middleware\CheckForMaintenanceMode->handle(Object(app\framework\Http\Request), Object(Closure))
#21 /www/wwwroot/www.aijuyi.net/addons/yun_shop/vendor/laravel/framework/src/Illuminate/Routing/Pipeline.php(33): Illuminate\Pipeline\Pipeline->Illuminate\Pipeline\{closure}(Object(app\framework\Http\Request))
#22 /www/wwwroot/www.aijuyi.net/addons/yun_shop/vendor/laravel/framework/src/Illuminate/Pipeline/Pipeline.php(104): Illuminate\Routing\Pipeline->Illuminate\Routing\{closure}(Object(app\framework\Http\Request))
#23 /www/wwwroot/www.aijuyi.net/addons/yun_shop/vendor/laravel/framework/src/Illuminate/Foundation/Http/Kernel.php(150): Illuminate\Pipeline\Pipeline->then(Object(Closure))
#24 /www/wwwroot/www.aijuyi.net/addons/yun_shop/vendor/laravel/framework/src/Illuminate/Foundation/Http/Kernel.php(117): Illuminate\Foundation\Http\Kernel->sendRequestThroughRouter(Object(app\framework\Http\Request))
#25 /www/wwwroot/www.aijuyi.net/addons/yun_shop/app/laravel.php(47): Illuminate\Foundation\Http\Kernel->handle(Object(app\framework\Http\Request))
#26 /www/wwwroot/www.aijuyi.net/addons/yun_shop/api.php(17): include_once('/www/wwwroot/ww...')
#27 {main}  
[2020-06-05 14:59:23] production.ERROR: http parameters {"i":"39","uuid":"0","mid":"125607","type":"1","shop_id":"null","route":"dispatch.express","order_id":"228"} 
[2020-06-05 14:59:23] production.ERROR: Symfony\Component\Debug\Exception\FatalThrowableError: Cannot use object of type stdClass as array in /www/wwwroot/www.aijuyi.net/addons/yun_shop/app/frontend/modules/dispatch/controllers/ExpressController.php:40
Stack trace:
#0 /www/wwwroot/www.aijuyi.net/addons/yun_shop/app/yunshop.php(385): app\frontend\modules\dispatch\controllers\ExpressController->index(Object(Illuminate\Http\Request))
#1 /www/wwwroot/www.aijuyi.net/addons/yun_shop/vendor/laravel/framework/src/Illuminate/Pipeline/Pipeline.php(151): YunShop::{closure}(Object(Illuminate\Http\Request))
#2 /www/wwwroot/www.aijuyi.net/addons/yun_shop/app/common/middleware/BasicInformation.php(32): Illuminate\Pipeline\Pipeline->Illuminate\Pipeline\{closure}(Object(Illuminate\Http\Request))
#3 /www/wwwroot/www.aijuyi.net/addons/yun_shop/vendor/laravel/framework/src/Illuminate/Pipeline/Pipeline.php(137): app\common\middleware\BasicInformation->handle(Object(Illuminate\Http\Request), Object(Closure))
#4 /www/wwwroot/www.aijuyi.net/addons/yun_shop/vendor/laravel/framework/src/Illuminate/Pipeline/Pipeline.php(104): Illuminate\Pipeline\Pipeline->Illuminate\Pipeline\{closure}(Object(Illuminate\Http\Request))
#5 /www/wwwroot/www.aijuyi.net/addons/yun_shop/app/yunshop.php(386): Illuminate\Pipeline\Pipeline->then(Object(Closure))
#6 /www/wwwroot/www.aijuyi.net/addons/yun_shop/app/yunshop.php(71): YunShop::getContent(Object(app\frontend\modules\dispatch\controllers\ExpressController), 'index')
#7 /www/wwwroot/www.aijuyi.net/addons/yun_shop/app/yunshop.php(301): YunShop::run('app\\frontend\\mo...', Array, 'Express', 'index', Array)
#8 /www/wwwroot/www.aijuyi.net/addons/yun_shop/routes/web.php(61): YunShop::parseRoute('dispatch.expres...')
#9 /www/wwwroot/www.aijuyi.net/addons/yun_shop/vendor/laravel/framework/src/Illuminate/Routing/Route.php(176): app\common\providers\RouteServiceProvider->{closure}()
#10 /www/wwwroot/www.aijuyi.net/addons/yun_shop/vendor/laravel/framework/src/Illuminate/Routing/Route.php(147): Illuminate\Routing\Route->runCallable()
#11 /www/wwwroot/www.aijuyi.net/addons/yun_shop/vendor/laravel/framework/src/Illuminate/Routing/Router.php(653): Illuminate\Routing\Route->run(Object(app\framework\Http\Request))
#12 /www/wwwroot/www.aijuyi.net/addons/yun_shop/vendor/laravel/framework/src/Illuminate/Routing/Pipeline.php(53): Illuminate\Routing\Router->Illuminate\Routing\{closure}(Object(app\framework\Http\Request))
#13 /www/wwwroot/www.aijuyi.net/addons/yun_shop/vendor/laravel/framework/src/Illuminate/Pipeline/Pipeline.php(104): Illuminate\Routing\Pipeline->Illuminate\Routing\{closure}(Object(app\framework\Http\Request))
#14 /www/wwwroot/www.aijuyi.net/addons/yun_shop/vendor/laravel/framework/src/Illuminate/Routing/Router.php(655): Illuminate\Pipeline\Pipeline->then(Object(Closure))
#15 /www/wwwroot/www.aijuyi.net/addons/yun_shop/vendor/laravel/framework/src/Illuminate/Routing/Router.php(629): Illuminate\Routing\Router->runRouteWithinStack(Object(Illuminate\Routing\Route), Object(app\framework\Http\Request))
#16 /www/wwwroot/www.aijuyi.net/addons/yun_shop/vendor/laravel/framework/src/Illuminate/Routing/Router.php(607): Illuminate\Routing\Router->dispatchToRoute(Object(app\framework\Http\Request))
#17 /www/wwwroot/www.aijuyi.net/addons/yun_shop/vendor/laravel/framework/src/Illuminate/Foundation/Http/Kernel.php(268): Illuminate\Routing\Router->dispatch(Object(app\framework\Http\Request))
#18 /www/wwwroot/www.aijuyi.net/addons/yun_shop/vendor/laravel/framework/src/Illuminate/Routing/Pipeline.php(53): Illuminate\Foundation\Http\Kernel->Illuminate\Foundation\Http\{closure}(Object(app\framework\Http\Request))
#19 /www/wwwroot/www.aijuyi.net/addons/yun_shop/vendor/laravel/framework/src/Illuminate/Foundation/Http/Middleware/CheckForMaintenanceMode.php(46): Illuminate\Routing\Pipeline->Illuminate\Routing\{closure}(Object(app\framework\Http\Request))
#20 /www/wwwroot/www.aijuyi.net/addons/yun_shop/vendor/laravel/framework/src/Illuminate/Pipeline/Pipeline.php(137): Illuminate\Foundation\Http\Middleware\CheckForMaintenanceMode->handle(Object(app\framework\Http\Request), Object(Closure))
#21 /www/wwwroot/www.aijuyi.net/addons/yun_shop/vendor/laravel/framework/src/Illuminate/Routing/Pipeline.php(33): Illuminate\Pipeline\Pipeline->Illuminate\Pipeline\{closure}(Object(app\framework\Http\Request))
#22 /www/wwwroot/www.aijuyi.net/addons/yun_shop/vendor/laravel/framework/src/Illuminate/Pipeline/Pipeline.php(104): Illuminate\Routing\Pipeline->Illuminate\Routing\{closure}(Object(app\framework\Http\Request))
#23 /www/wwwroot/www.aijuyi.net/addons/yun_shop/vendor/laravel/framework/src/Illuminate/Foundation/Http/Kernel.php(150): Illuminate\Pipeline\Pipeline->then(Object(Closure))
#24 /www/wwwroot/www.aijuyi.net/addons/yun_shop/vendor/laravel/framework/src/Illuminate/Foundation/Http/Kernel.php(117): Illuminate\Foundation\Http\Kernel->sendRequestThroughRouter(Object(app\framework\Http\Request))
#25 /www/wwwroot/www.aijuyi.net/addons/yun_shop/app/laravel.php(47): Illuminate\Foundation\Http\Kernel->handle(Object(app\framework\Http\Request))
#26 /www/wwwroot/www.aijuyi.net/addons/yun_shop/api.php(17): include_once('/www/wwwroot/ww...')
#27 {main}  
[2020-06-05 15:00:08] production.ERROR: http parameters {"i":"39","uuid":"0","mid":"125607","type":"1","shop_id":"null","route":"dispatch.express","order_id":"228"} 
[2020-06-05 15:00:08] production.ERROR: Symfony\Component\Debug\Exception\FatalThrowableError: Cannot use object of type stdClass as array in /www/wwwroot/www.aijuyi.net/addons/yun_shop/app/frontend/modules/dispatch/controllers/ExpressController.php:40
Stack trace:
#0 /www/wwwroot/www.aijuyi.net/addons/yun_shop/app/yunshop.php(385): app\frontend\modules\dispatch\controllers\ExpressController->index(Object(Illuminate\Http\Request))
#1 /www/wwwroot/www.aijuyi.net/addons/yun_shop/vendor/laravel/framework/src/Illuminate/Pipeline/Pipeline.php(151): YunShop::{closure}(Object(Illuminate\Http\Request))
#2 /www/wwwroot/www.aijuyi.net/addons/yun_shop/app/common/middleware/BasicInformation.php(32): Illuminate\Pipeline\Pipeline->Illuminate\Pipeline\{closure}(Object(Illuminate\Http\Request))
#3 /www/wwwroot/www.aijuyi.net/addons/yun_shop/vendor/laravel/framework/src/Illuminate/Pipeline/Pipeline.php(137): app\common\middleware\BasicInformation->handle(Object(Illuminate\Http\Request), Object(Closure))
#4 /www/wwwroot/www.aijuyi.net/addons/yun_shop/vendor/laravel/framework/src/Illuminate/Pipeline/Pipeline.php(104): Illuminate\Pipeline\Pipeline->Illuminate\Pipeline\{closure}(Object(Illuminate\Http\Request))
#5 /www/wwwroot/www.aijuyi.net/addons/yun_shop/app/yunshop.php(386): Illuminate\Pipeline\Pipeline->then(Object(Closure))
#6 /www/wwwroot/www.aijuyi.net/addons/yun_shop/app/yunshop.php(71): YunShop::getContent(Object(app\frontend\modules\dispatch\controllers\ExpressController), 'index')
#7 /www/wwwroot/www.aijuyi.net/addons/yun_shop/app/yunshop.php(301): YunShop::run('app\\frontend\\mo...', Array, 'Express', 'index', Array)
#8 /www/wwwroot/www.aijuyi.net/addons/yun_shop/routes/web.php(61): YunShop::parseRoute('dispatch.expres...')
#9 /www/wwwroot/www.aijuyi.net/addons/yun_shop/vendor/laravel/framework/src/Illuminate/Routing/Route.php(176): app\common\providers\RouteServiceProvider->{closure}()
#10 /www/wwwroot/www.aijuyi.net/addons/yun_shop/vendor/laravel/framework/src/Illuminate/Routing/Route.php(147): Illuminate\Routing\Route->runCallable()
#11 /www/wwwroot/www.aijuyi.net/addons/yun_shop/vendor/laravel/framework/src/Illuminate/Routing/Router.php(653): Illuminate\Routing\Route->run(Object(app\framework\Http\Request))
#12 /www/wwwroot/www.aijuyi.net/addons/yun_shop/vendor/laravel/framework/src/Illuminate/Routing/Pipeline.php(53): Illuminate\Routing\Router->Illuminate\Routing\{closure}(Object(app\framework\Http\Request))
#13 /www/wwwroot/www.aijuyi.net/addons/yun_shop/vendor/laravel/framework/src/Illuminate/Pipeline/Pipeline.php(104): Illuminate\Routing\Pipeline->Illuminate\Routing\{closure}(Object(app\framework\Http\Request))
#14 /www/wwwroot/www.aijuyi.net/addons/yun_shop/vendor/laravel/framework/src/Illuminate/Routing/Router.php(655): Illuminate\Pipeline\Pipeline->then(Object(Closure))
#15 /www/wwwroot/www.aijuyi.net/addons/yun_shop/vendor/laravel/framework/src/Illuminate/Routing/Router.php(629): Illuminate\Routing\Router->runRouteWithinStack(Object(Illuminate\Routing\Route), Object(app\framework\Http\Request))
#16 /www/wwwroot/www.aijuyi.net/addons/yun_shop/vendor/laravel/framework/src/Illuminate/Routing/Router.php(607): Illuminate\Routing\Router->dispatchToRoute(Object(app\framework\Http\Request))
#17 /www/wwwroot/www.aijuyi.net/addons/yun_shop/vendor/laravel/framework/src/Illuminate/Foundation/Http/Kernel.php(268): Illuminate\Routing\Router->dispatch(Object(app\framework\Http\Request))
#18 /www/wwwroot/www.aijuyi.net/addons/yun_shop/vendor/laravel/framework/src/Illuminate/Routing/Pipeline.php(53): Illuminate\Foundation\Http\Kernel->Illuminate\Foundation\Http\{closure}(Object(app\framework\Http\Request))
#19 /www/wwwroot/www.aijuyi.net/addons/yun_shop/vendor/laravel/framework/src/Illuminate/Foundation/Http/Middleware/CheckForMaintenanceMode.php(46): Illuminate\Routing\Pipeline->Illuminate\Routing\{closure}(Object(app\framework\Http\Request))
#20 /www/wwwroot/www.aijuyi.net/addons/yun_shop/vendor/laravel/framework/src/Illuminate/Pipeline/Pipeline.php(137): Illuminate\Foundation\Http\Middleware\CheckForMaintenanceMode->handle(Object(app\framework\Http\Request), Object(Closure))
#21 /www/wwwroot/www.aijuyi.net/addons/yun_shop/vendor/laravel/framework/src/Illuminate/Routing/Pipeline.php(33): Illuminate\Pipeline\Pipeline->Illuminate\Pipeline\{closure}(Object(app\framework\Http\Request))
#22 /www/wwwroot/www.aijuyi.net/addons/yun_shop/vendor/laravel/framework/src/Illuminate/Pipeline/Pipeline.php(104): Illuminate\Routing\Pipeline->Illuminate\Routing\{closure}(Object(app\framework\Http\Request))
#23 /www/wwwroot/www.aijuyi.net/addons/yun_shop/vendor/laravel/framework/src/Illuminate/Foundation/Http/Kernel.php(150): Illuminate\Pipeline\Pipeline->then(Object(Closure))
#24 /www/wwwroot/www.aijuyi.net/addons/yun_shop/vendor/laravel/framework/src/Illuminate/Foundation/Http/Kernel.php(117): Illuminate\Foundation\Http\Kernel->sendRequestThroughRouter(Object(app\framework\Http\Request))
#25 /www/wwwroot/www.aijuyi.net/addons/yun_shop/app/laravel.php(47): Illuminate\Foundation\Http\Kernel->handle(Object(app\framework\Http\Request))
#26 /www/wwwroot/www.aijuyi.net/addons/yun_shop/api.php(17): include_once('/www/wwwroot/ww...')
#27 {main}  
[2020-06-05 15:01:00] production.ERROR: http parameters {"i":"39","uuid":"0","mid":"125607","type":"1","shop_id":"null","route":"dispatch.express","order_id":"228"} 
[2020-06-05 15:01:00] production.ERROR: Symfony\Component\Debug\Exception\FatalThrowableError: Cannot use object of type stdClass as array in /www/wwwroot/www.aijuyi.net/addons/yun_shop/app/frontend/modules/dispatch/controllers/ExpressController.php:40
Stack trace:
#0 /www/wwwroot/www.aijuyi.net/addons/yun_shop/app/yunshop.php(385): app\frontend\modules\dispatch\controllers\ExpressController->index(Object(Illuminate\Http\Request))
#1 /www/wwwroot/www.aijuyi.net/addons/yun_shop/vendor/laravel/framework/src/Illuminate/Pipeline/Pipeline.php(151): YunShop::{closure}(Object(Illuminate\Http\Request))
#2 /www/wwwroot/www.aijuyi.net/addons/yun_shop/app/common/middleware/BasicInformation.php(32): Illuminate\Pipeline\Pipeline->Illuminate\Pipeline\{closure}(Object(Illuminate\Http\Request))
#3 /www/wwwroot/www.aijuyi.net/addons/yun_shop/vendor/laravel/framework/src/Illuminate/Pipeline/Pipeline.php(137): app\common\middleware\BasicInformation->handle(Object(Illuminate\Http\Request), Object(Closure))
#4 /www/wwwroot/www.aijuyi.net/addons/yun_shop/vendor/laravel/framework/src/Illuminate/Pipeline/Pipeline.php(104): Illuminate\Pipeline\Pipeline->Illuminate\Pipeline\{closure}(Object(Illuminate\Http\Request))
#5 /www/wwwroot/www.aijuyi.net/addons/yun_shop/app/yunshop.php(386): Illuminate\Pipeline\Pipeline->then(Object(Closure))
#6 /www/wwwroot/www.aijuyi.net/addons/yun_shop/app/yunshop.php(71): YunShop::getContent(Object(app\frontend\modules\dispatch\controllers\ExpressController), 'index')
#7 /www/wwwroot/www.aijuyi.net/addons/yun_shop/app/yunshop.php(301): YunShop::run('app\\frontend\\mo...', Array, 'Express', 'index', Array)
#8 /www/wwwroot/www.aijuyi.net/addons/yun_shop/routes/web.php(61): YunShop::parseRoute('dispatch.expres...')
#9 /www/wwwroot/www.aijuyi.net/addons/yun_shop/vendor/laravel/framework/src/Illuminate/Routing/Route.php(176): app\common\providers\RouteServiceProvider->{closure}()
#10 /www/wwwroot/www.aijuyi.net/addons/yun_shop/vendor/laravel/framework/src/Illuminate/Routing/Route.php(147): Illuminate\Routing\Route->runCallable()
#11 /www/wwwroot/www.aijuyi.net/addons/yun_shop/vendor/laravel/framework/src/Illuminate/Routing/Router.php(653): Illuminate\Routing\Route->run(Object(app\framework\Http\Request))
#12 /www/wwwroot/www.aijuyi.net/addons/yun_shop/vendor/laravel/framework/src/Illuminate/Routing/Pipeline.php(53): Illuminate\Routing\Router->Illuminate\Routing\{closure}(Object(app\framework\Http\Request))
#13 /www/wwwroot/www.aijuyi.net/addons/yun_shop/vendor/laravel/framework/src/Illuminate/Pipeline/Pipeline.php(104): Illuminate\Routing\Pipeline->Illuminate\Routing\{closure}(Object(app\framework\Http\Request))
#14 /www/wwwroot/www.aijuyi.net/addons/yun_shop/vendor/laravel/framework/src/Illuminate/Routing/Router.php(655): Illuminate\Pipeline\Pipeline->then(Object(Closure))
#15 /www/wwwroot/www.aijuyi.net/addons/yun_shop/vendor/laravel/framework/src/Illuminate/Routing/Router.php(629): Illuminate\Routing\Router->runRouteWithinStack(Object(Illuminate\Routing\Route), Object(app\framework\Http\Request))
#16 /www/wwwroot/www.aijuyi.net/addons/yun_shop/vendor/laravel/framework/src/Illuminate/Routing/Router.php(607): Illuminate\Routing\Router->dispatchToRoute(Object(app\framework\Http\Request))
#17 /www/wwwroot/www.aijuyi.net/addons/yun_shop/vendor/laravel/framework/src/Illuminate/Foundation/Http/Kernel.php(268): Illuminate\Routing\Router->dispatch(Object(app\framework\Http\Request))
#18 /www/wwwroot/www.aijuyi.net/addons/yun_shop/vendor/laravel/framework/src/Illuminate/Routing/Pipeline.php(53): Illuminate\Foundation\Http\Kernel->Illuminate\Foundation\Http\{closure}(Object(app\framework\Http\Request))
#19 /www/wwwroot/www.aijuyi.net/addons/yun_shop/vendor/laravel/framework/src/Illuminate/Foundation/Http/Middleware/CheckForMaintenanceMode.php(46): Illuminate\Routing\Pipeline->Illuminate\Routing\{closure}(Object(app\framework\Http\Request))
#20 /www/wwwroot/www.aijuyi.net/addons/yun_shop/vendor/laravel/framework/src/Illuminate/Pipeline/Pipeline.php(137): Illuminate\Foundation\Http\Middleware\CheckForMaintenanceMode->handle(Object(app\framework\Http\Request), Object(Closure))
#21 /www/wwwroot/www.aijuyi.net/addons/yun_shop/vendor/laravel/framework/src/Illuminate/Routing/Pipeline.php(33): Illuminate\Pipeline\Pipeline->Illuminate\Pipeline\{closure}(Object(app\framework\Http\Request))
#22 /www/wwwroot/www.aijuyi.net/addons/yun_shop/vendor/laravel/framework/src/Illuminate/Pipeline/Pipeline.php(104): Illuminate\Routing\Pipeline->Illuminate\Routing\{closure}(Object(app\framework\Http\Request))
#23 /www/wwwroot/www.aijuyi.net/addons/yun_shop/vendor/laravel/framework/src/Illuminate/Foundation/Http/Kernel.php(150): Illuminate\Pipeline\Pipeline->then(Object(Closure))
#24 /www/wwwroot/www.aijuyi.net/addons/yun_shop/vendor/laravel/framework/src/Illuminate/Foundation/Http/Kernel.php(117): Illuminate\Foundation\Http\Kernel->sendRequestThroughRouter(Object(app\framework\Http\Request))
#25 /www/wwwroot/www.aijuyi.net/addons/yun_shop/app/laravel.php(47): Illuminate\Foundation\Http\Kernel->handle(Object(app\framework\Http\Request))
#26 /www/wwwroot/www.aijuyi.net/addons/yun_shop/api.php(17): include_once('/www/wwwroot/ww...')
#27 {main}  
[2020-06-05 15:02:34] production.ERROR: http parameters {"i":"39","uuid":"0","mid":"125607","type":"1","shop_id":"null","route":"dispatch.express","order_id":"228"} 
[2020-06-05 15:02:34] production.ERROR: Symfony\Component\Debug\Exception\FatalThrowableError: Cannot use object of type stdClass as array in /www/wwwroot/www.aijuyi.net/addons/yun_shop/app/frontend/modules/dispatch/controllers/ExpressController.php:37
Stack trace:
#0 /www/wwwroot/www.aijuyi.net/addons/yun_shop/app/yunshop.php(385): app\frontend\modules\dispatch\controllers\ExpressController->index(Object(Illuminate\Http\Request))
#1 /www/wwwroot/www.aijuyi.net/addons/yun_shop/vendor/laravel/framework/src/Illuminate/Pipeline/Pipeline.php(151): YunShop::{closure}(Object(Illuminate\Http\Request))
#2 /www/wwwroot/www.aijuyi.net/addons/yun_shop/app/common/middleware/BasicInformation.php(32): Illuminate\Pipeline\Pipeline->Illuminate\Pipeline\{closure}(Object(Illuminate\Http\Request))
#3 /www/wwwroot/www.aijuyi.net/addons/yun_shop/vendor/laravel/framework/src/Illuminate/Pipeline/Pipeline.php(137): app\common\middleware\BasicInformation->handle(Object(Illuminate\Http\Request), Object(Closure))
#4 /www/wwwroot/www.aijuyi.net/addons/yun_shop/vendor/laravel/framework/src/Illuminate/Pipeline/Pipeline.php(104): Illuminate\Pipeline\Pipeline->Illuminate\Pipeline\{closure}(Object(Illuminate\Http\Request))
#5 /www/wwwroot/www.aijuyi.net/addons/yun_shop/app/yunshop.php(386): Illuminate\Pipeline\Pipeline->then(Object(Closure))
#6 /www/wwwroot/www.aijuyi.net/addons/yun_shop/app/yunshop.php(71): YunShop::getContent(Object(app\frontend\modules\dispatch\controllers\ExpressController), 'index')
#7 /www/wwwroot/www.aijuyi.net/addons/yun_shop/app/yunshop.php(301): YunShop::run('app\\frontend\\mo...', Array, 'Express', 'index', Array)
#8 /www/wwwroot/www.aijuyi.net/addons/yun_shop/routes/web.php(61): YunShop::parseRoute('dispatch.expres...')
#9 /www/wwwroot/www.aijuyi.net/addons/yun_shop/vendor/laravel/framework/src/Illuminate/Routing/Route.php(176): app\common\providers\RouteServiceProvider->{closure}()
#10 /www/wwwroot/www.aijuyi.net/addons/yun_shop/vendor/laravel/framework/src/Illuminate/Routing/Route.php(147): Illuminate\Routing\Route->runCallable()
#11 /www/wwwroot/www.aijuyi.net/addons/yun_shop/vendor/laravel/framework/src/Illuminate/Routing/Router.php(653): Illuminate\Routing\Route->run(Object(app\framework\Http\Request))
#12 /www/wwwroot/www.aijuyi.net/addons/yun_shop/vendor/laravel/framework/src/Illuminate/Routing/Pipeline.php(53): Illuminate\Routing\Router->Illuminate\Routing\{closure}(Object(app\framework\Http\Request))
#13 /www/wwwroot/www.aijuyi.net/addons/yun_shop/vendor/laravel/framework/src/Illuminate/Pipeline/Pipeline.php(104): Illuminate\Routing\Pipeline->Illuminate\Routing\{closure}(Object(app\framework\Http\Request))
#14 /www/wwwroot/www.aijuyi.net/addons/yun_shop/vendor/laravel/framework/src/Illuminate/Routing/Router.php(655): Illuminate\Pipeline\Pipeline->then(Object(Closure))
#15 /www/wwwroot/www.aijuyi.net/addons/yun_shop/vendor/laravel/framework/src/Illuminate/Routing/Router.php(629): Illuminate\Routing\Router->runRouteWithinStack(Object(Illuminate\Routing\Route), Object(app\framework\Http\Request))
#16 /www/wwwroot/www.aijuyi.net/addons/yun_shop/vendor/laravel/framework/src/Illuminate/Routing/Router.php(607): Illuminate\Routing\Router->dispatchToRoute(Object(app\framework\Http\Request))
#17 /www/wwwroot/www.aijuyi.net/addons/yun_shop/vendor/laravel/framework/src/Illuminate/Foundation/Http/Kernel.php(268): Illuminate\Routing\Router->dispatch(Object(app\framework\Http\Request))
#18 /www/wwwroot/www.aijuyi.net/addons/yun_shop/vendor/laravel/framework/src/Illuminate/Routing/Pipeline.php(53): Illuminate\Foundation\Http\Kernel->Illuminate\Foundation\Http\{closure}(Object(app\framework\Http\Request))
#19 /www/wwwroot/www.aijuyi.net/addons/yun_shop/vendor/laravel/framework/src/Illuminate/Foundation/Http/Middleware/CheckForMaintenanceMode.php(46): Illuminate\Routing\Pipeline->Illuminate\Routing\{closure}(Object(app\framework\Http\Request))
#20 /www/wwwroot/www.aijuyi.net/addons/yun_shop/vendor/laravel/framework/src/Illuminate/Pipeline/Pipeline.php(137): Illuminate\Foundation\Http\Middleware\CheckForMaintenanceMode->handle(Object(app\framework\Http\Request), Object(Closure))
#21 /www/wwwroot/www.aijuyi.net/addons/yun_shop/vendor/laravel/framework/src/Illuminate/Routing/Pipeline.php(33): Illuminate\Pipeline\Pipeline->Illuminate\Pipeline\{closure}(Object(app\framework\Http\Request))
#22 /www/wwwroot/www.aijuyi.net/addons/yun_shop/vendor/laravel/framework/src/Illuminate/Pipeline/Pipeline.php(104): Illuminate\Routing\Pipeline->Illuminate\Routing\{closure}(Object(app\framework\Http\Request))
#23 /www/wwwroot/www.aijuyi.net/addons/yun_shop/vendor/laravel/framework/src/Illuminate/Foundation/Http/Kernel.php(150): Illuminate\Pipeline\Pipeline->then(Object(Closure))
#24 /www/wwwroot/www.aijuyi.net/addons/yun_shop/vendor/laravel/framework/src/Illuminate/Foundation/Http/Kernel.php(117): Illuminate\Foundation\Http\Kernel->sendRequestThroughRouter(Object(app\framework\Http\Request))
#25 /www/wwwroot/www.aijuyi.net/addons/yun_shop/app/laravel.php(47): Illuminate\Foundation\Http\Kernel->handle(Object(app\framework\Http\Request))
#26 /www/wwwroot/www.aijuyi.net/addons/yun_shop/api.php(17): include_once('/www/wwwroot/ww...')
#27 {main}  
[2020-06-05 15:05:41] production.ERROR: http parameters {"i":"39","uuid":"0","mid":"125607","type":"1","shop_id":"null","route":"dispatch.express","order_id":"228"} 
[2020-06-05 15:05:41] production.ERROR: Symfony\Component\Debug\Exception\FatalThrowableError: Cannot use object of type stdClass as array in /www/wwwroot/www.aijuyi.net/addons/yun_shop/app/frontend/modules/dispatch/controllers/ExpressController.php:37
Stack trace:
#0 /www/wwwroot/www.aijuyi.net/addons/yun_shop/app/yunshop.php(385): app\frontend\modules\dispatch\controllers\ExpressController->index(Object(Illuminate\Http\Request))
#1 /www/wwwroot/www.aijuyi.net/addons/yun_shop/vendor/laravel/framework/src/Illuminate/Pipeline/Pipeline.php(151): YunShop::{closure}(Object(Illuminate\Http\Request))
#2 /www/wwwroot/www.aijuyi.net/addons/yun_shop/app/common/middleware/BasicInformation.php(32): Illuminate\Pipeline\Pipeline->Illuminate\Pipeline\{closure}(Object(Illuminate\Http\Request))
#3 /www/wwwroot/www.aijuyi.net/addons/yun_shop/vendor/laravel/framework/src/Illuminate/Pipeline/Pipeline.php(137): app\common\middleware\BasicInformation->handle(Object(Illuminate\Http\Request), Object(Closure))
#4 /www/wwwroot/www.aijuyi.net/addons/yun_shop/vendor/laravel/framework/src/Illuminate/Pipeline/Pipeline.php(104): Illuminate\Pipeline\Pipeline->Illuminate\Pipeline\{closure}(Object(Illuminate\Http\Request))
#5 /www/wwwroot/www.aijuyi.net/addons/yun_shop/app/yunshop.php(386): Illuminate\Pipeline\Pipeline->then(Object(Closure))
#6 /www/wwwroot/www.aijuyi.net/addons/yun_shop/app/yunshop.php(71): YunShop::getContent(Object(app\frontend\modules\dispatch\controllers\ExpressController), 'index')
#7 /www/wwwroot/www.aijuyi.net/addons/yun_shop/app/yunshop.php(301): YunShop::run('app\\frontend\\mo...', Array, 'Express', 'index', Array)
#8 /www/wwwroot/www.aijuyi.net/addons/yun_shop/routes/web.php(61): YunShop::parseRoute('dispatch.expres...')
#9 /www/wwwroot/www.aijuyi.net/addons/yun_shop/vendor/laravel/framework/src/Illuminate/Routing/Route.php(176): app\common\providers\RouteServiceProvider->{closure}()
#10 /www/wwwroot/www.aijuyi.net/addons/yun_shop/vendor/laravel/framework/src/Illuminate/Routing/Route.php(147): Illuminate\Routing\Route->runCallable()
#11 /www/wwwroot/www.aijuyi.net/addons/yun_shop/vendor/laravel/framework/src/Illuminate/Routing/Router.php(653): Illuminate\Routing\Route->run(Object(app\framework\Http\Request))
#12 /www/wwwroot/www.aijuyi.net/addons/yun_shop/vendor/laravel/framework/src/Illuminate/Routing/Pipeline.php(53): Illuminate\Routing\Router->Illuminate\Routing\{closure}(Object(app\framework\Http\Request))
#13 /www/wwwroot/www.aijuyi.net/addons/yun_shop/vendor/laravel/framework/src/Illuminate/Pipeline/Pipeline.php(104): Illuminate\Routing\Pipeline->Illuminate\Routing\{closure}(Object(app\framework\Http\Request))
#14 /www/wwwroot/www.aijuyi.net/addons/yun_shop/vendor/laravel/framework/src/Illuminate/Routing/Router.php(655): Illuminate\Pipeline\Pipeline->then(Object(Closure))
#15 /www/wwwroot/www.aijuyi.net/addons/yun_shop/vendor/laravel/framework/src/Illuminate/Routing/Router.php(629): Illuminate\Routing\Router->runRouteWithinStack(Object(Illuminate\Routing\Route), Object(app\framework\Http\Request))
#16 /www/wwwroot/www.aijuyi.net/addons/yun_shop/vendor/laravel/framework/src/Illuminate/Routing/Router.php(607): Illuminate\Routing\Router->dispatchToRoute(Object(app\framework\Http\Request))
#17 /www/wwwroot/www.aijuyi.net/addons/yun_shop/vendor/laravel/framework/src/Illuminate/Foundation/Http/Kernel.php(268): Illuminate\Routing\Router->dispatch(Object(app\framework\Http\Request))
#18 /www/wwwroot/www.aijuyi.net/addons/yun_shop/vendor/laravel/framework/src/Illuminate/Routing/Pipeline.php(53): Illuminate\Foundation\Http\Kernel->Illuminate\Foundation\Http\{closure}(Object(app\framework\Http\Request))
#19 /www/wwwroot/www.aijuyi.net/addons/yun_shop/vendor/laravel/framework/src/Illuminate/Foundation/Http/Middleware/CheckForMaintenanceMode.php(46): Illuminate\Routing\Pipeline->Illuminate\Routing\{closure}(Object(app\framework\Http\Request))
#20 /www/wwwroot/www.aijuyi.net/addons/yun_shop/vendor/laravel/framework/src/Illuminate/Pipeline/Pipeline.php(137): Illuminate\Foundation\Http\Middleware\CheckForMaintenanceMode->handle(Object(app\framework\Http\Request), Object(Closure))
#21 /www/wwwroot/www.aijuyi.net/addons/yun_shop/vendor/laravel/framework/src/Illuminate/Routing/Pipeline.php(33): Illuminate\Pipeline\Pipeline->Illuminate\Pipeline\{closure}(Object(app\framework\Http\Request))
#22 /www/wwwroot/www.aijuyi.net/addons/yun_shop/vendor/laravel/framework/src/Illuminate/Pipeline/Pipeline.php(104): Illuminate\Routing\Pipeline->Illuminate\Routing\{closure}(Object(app\framework\Http\Request))
#23 /www/wwwroot/www.aijuyi.net/addons/yun_shop/vendor/laravel/framework/src/Illuminate/Foundation/Http/Kernel.php(150): Illuminate\Pipeline\Pipeline->then(Object(Closure))
#24 /www/wwwroot/www.aijuyi.net/addons/yun_shop/vendor/laravel/framework/src/Illuminate/Foundation/Http/Kernel.php(117): Illuminate\Foundation\Http\Kernel->sendRequestThroughRouter(Object(app\framework\Http\Request))
#25 /www/wwwroot/www.aijuyi.net/addons/yun_shop/app/laravel.php(47): Illuminate\Foundation\Http\Kernel->handle(Object(app\framework\Http\Request))
#26 /www/wwwroot/www.aijuyi.net/addons/yun_shop/api.php(17): include_once('/www/wwwroot/ww...')
#27 {main}  
