[2020-06-02 09:06:21] production.INFO: 1.2333159446716 {"url":"https://www.aijuyi.net/addons/yun_shop/?menu#/member?i=39","i":"39","uuid":"0","type":"1","shop_id":"null","route":"member.member.wxJsSdkConfig"} 
[2020-06-02 09:06:23] production.INFO: 3.0582790374756 {"v":2,"i":"39","uuid":"0","type":"1","shop_id":"null","basic_info":"1","validate_page":"1","route":"member.member.member-data"} 
[2020-06-02 10:05:21] production.INFO: 2.7974519729614 {"status":0,"c":"site","a":"entry","m":"yun_shop","do":"8608","route":"plugin.plugins-market.Controllers.new-market.getList"} 
[2020-06-02 10:05:32] production.INFO: 2.7656440734863 {"status":0,"page":1,"keyword":"队列","c":"site","a":"entry","m":"yun_shop","do":"8608","route":"plugin.plugins-market.Controllers.new-market.getList"} 
[2020-06-02 10:05:48] production.INFO: 2.7509310245514 {"status":"3","page":1,"keyword":"队列","c":"site","a":"entry","m":"yun_shop","do":"8608","route":"plugin.plugins-market.Controllers.new-market.getList"} 
[2020-06-02 10:05:52] production.INFO: 2.741644859314 {"status":"0","page":1,"keyword":"队列","c":"site","a":"entry","m":"yun_shop","do":"8608","route":"plugin.plugins-market.Controllers.new-market.getList"} 
[2020-06-02 10:09:26] production.INFO: 2.6368789672852 {"status":0,"c":"site","a":"entry","m":"yun_shop","do":"6167","route":"plugin.plugins-market.Controllers.new-market.getList"} 
[2020-06-02 10:09:34] production.INFO: 2.6923098564148 {"status":0,"page":1,"keyword":"队列","c":"site","a":"entry","m":"yun_shop","do":"6167","route":"plugin.plugins-market.Controllers.new-market.getList"} 
[2020-06-02 10:10:31] production.INFO: 2.6338748931885 {"status":"1","page":1,"keyword":"队列","c":"site","a":"entry","m":"yun_shop","do":"6167","route":"plugin.plugins-market.Controllers.new-market.getList"} 
[2020-06-02 10:10:33] production.INFO: 2.6269361972809 {"status":"0","page":1,"keyword":"队列","c":"site","a":"entry","m":"yun_shop","do":"6167","route":"plugin.plugins-market.Controllers.new-market.getList"} 
[2020-06-02 10:33:23] production.INFO: 2.8245310783386 {"status":0,"c":"site","a":"entry","m":"yun_shop","do":"4120","route":"plugin.plugins-market.Controllers.new-market.getList"} 
[2020-06-02 10:33:31] production.INFO: 4.1628680229187 {"status":0,"page":1,"keyword":"队列","c":"site","a":"entry","m":"yun_shop","do":"4120","route":"plugin.plugins-market.Controllers.new-market.getList"} 
[2020-06-02 10:58:33] production.INFO: 1.0481231212616 {"c":"site","a":"entry","m":"yun_shop","do":"5392","route":"supervisord.supervisord.start","process":"www.aijuyi.net:www.aijuyi.net_00"} 
[2020-06-02 11:05:30] production.INFO: 1.0363788604736 {"c":"site","a":"entry","m":"yun_shop","do":"1730","route":"supervisord.supervisord.start","process":"www.aijuyi.net:www.aijuyi.net_00"} 
[2020-06-02 11:05:36] production.INFO: 1.0470991134644 {"c":"site","a":"entry","m":"yun_shop","do":"1797","route":"supervisord.supervisord.stopAll"} 
[2020-06-02 11:05:39] production.INFO: 1.0498399734497 {"c":"site","a":"entry","m":"yun_shop","do":"1730","route":"supervisord.supervisord.start","process":"www.aijuyi.net:www.aijuyi.net_00"} 
[2020-06-02 12:16:00] production.INFO: 1.0171980857849 {"c":"site","a":"entry","m":"yun_shop","do":"2043","route":"setting.wechat-notice.index"} 
[2020-06-02 12:16:15] production.INFO: 1.3491699695587 {"c":"site","a":"entry","m":"yun_shop","do":"1163","route":"setting.wechat-notice.see","tmp_id":"5P6gDYO3P3rhKUwNsaE62gLrgNw4d-4PkZrUKjZGWro"} 
[2020-06-02 12:16:42] production.INFO: 1.2619559764862 {"c":"site","a":"entry","m":"yun_shop","do":"2536","route":"setting.wechat-notice.see","tmp_id":"VrrzVSUg1IRbG1a3Z5BW8WBlYWSoJFNhoChWX2fXmbk"} 
[2020-06-02 12:17:02] production.INFO: 1.5009438991547 {"c":"site","a":"entry","m":"yun_shop","do":"1068","route":"setting.wechat-notice.see","tmp_id":"KikizEPJ56eUCzmLnjmIfAdt3A21AOmawstwb3sXnKQ"} 
[2020-06-02 15:52:59] production.INFO: 1.7939319610596 {"uid":"125885","order_id":"164","i":"39","uuid":"0","type":"2","shop_id":"null","route":"order.ju-shui-tan.index"} 
[2020-06-02 15:58:33] production.INFO: 2.6092519760132 {"status":0,"c":"site","a":"entry","m":"yun_shop","do":"2077","route":"plugin.plugins-market.Controllers.new-market.getList"} 
[2020-06-02 15:58:47] production.INFO: 2.5752069950104 {"status":0,"page":2,"keyword":"","c":"site","a":"entry","m":"yun_shop","do":"2077","route":"plugin.plugins-market.Controllers.new-market.getList"} 
[2020-06-02 15:58:56] production.INFO: 2.6970918178558 {"status":"2","page":1,"keyword":"","c":"site","a":"entry","m":"yun_shop","do":"2077","route":"plugin.plugins-market.Controllers.new-market.getList"} 
[2020-06-02 15:59:01] production.INFO: 2.5048298835754 {"status":"1","page":1,"keyword":"","c":"site","a":"entry","m":"yun_shop","do":"2077","route":"plugin.plugins-market.Controllers.new-market.getList"} 
[2020-06-02 15:59:07] production.INFO: 2.6474559307098 {"status":"3","page":1,"keyword":"","c":"site","a":"entry","m":"yun_shop","do":"2077","route":"plugin.plugins-market.Controllers.new-market.getList"} 
[2020-06-02 15:59:24] production.INFO: 2.8636689186096 {"status":"0","page":1,"keyword":"","c":"site","a":"entry","m":"yun_shop","do":"2077","route":"plugin.plugins-market.Controllers.new-market.getList"} 
[2020-06-02 16:44:28] production.INFO: 9.4155309200287 {"uid":"125885","order_id":"164","i":"39","uuid":"0","type":"2","shop_id":"null","route":"order.ju-shui-tan.index"} 
[2020-06-02 18:37:27] production.INFO: 1.2387549877167 {"c":"site","a":"entry","m":"yun_shop","do":"8724","route":"setting.wechat-notice.see","tmp_id":"5P6gDYO3P3rhKUwNsaE62gLrgNw4d-4PkZrUKjZGWro"} 
