[2020-06-08 00:00:02] production.DEBUG: -------------IN_IA----------- [true] 
[2020-06-08 00:00:02] production.DEBUG: ----定时任务执行----  
[2020-06-08 00:00:02] production.DEBUG: 3未开启  
[2020-06-08 00:00:02] production.DEBUG: 39未开启  
[2020-06-08 00:00:02] production.DEBUG: -----------商品定时上下架-----------------uniacid:3  
[2020-06-08 00:00:02] production.DEBUG: -----------商品定时上下架-----------------uniacid:39  
[2020-06-08 00:01:02] production.DEBUG: -------------IN_IA----------- [true] 
[2020-06-08 00:01:02] production.DEBUG: ----定时任务执行----  
[2020-06-08 00:01:02] production.DEBUG: 3未开启  
[2020-06-08 00:01:02] production.DEBUG: 39未开启  
[2020-06-08 00:02:01] production.DEBUG: -------------IN_IA----------- [true] 
[2020-06-08 00:02:01] production.DEBUG: ----定时任务执行----  
[2020-06-08 00:02:01] production.DEBUG: 3未开启  
[2020-06-08 00:02:01] production.DEBUG: 39未开启  
[2020-06-08 00:03:02] production.DEBUG: -------------IN_IA----------- [true] 
[2020-06-08 00:03:02] production.DEBUG: ----定时任务执行----  
[2020-06-08 00:03:02] production.DEBUG: 3未开启  
[2020-06-08 00:03:02] production.DEBUG: 39未开启  
[2020-06-08 00:04:02] production.DEBUG: -------------IN_IA----------- [true] 
[2020-06-08 00:04:02] production.DEBUG: ----定时任务执行----  
[2020-06-08 00:04:02] production.DEBUG: 3未开启  
[2020-06-08 00:04:02] production.DEBUG: 39未开启  
[2020-06-08 00:05:01] production.DEBUG: -------------IN_IA----------- [true] 
[2020-06-08 00:05:01] production.DEBUG: ----定时任务执行----  
[2020-06-08 00:05:01] production.DEBUG: 3未开启  
[2020-06-08 00:05:01] production.DEBUG: 39未开启  
[2020-06-08 00:06:02] production.DEBUG: -------------IN_IA----------- [true] 
[2020-06-08 00:06:02] production.DEBUG: ----定时任务执行----  
[2020-06-08 00:06:02] production.DEBUG: 3未开启  
[2020-06-08 00:06:02] production.DEBUG: 39未开启  
[2020-06-08 00:07:01] production.DEBUG: -------------IN_IA----------- [true] 
[2020-06-08 00:07:01] production.DEBUG: ----定时任务执行----  
[2020-06-08 00:07:01] production.DEBUG: 3未开启  
[2020-06-08 00:07:01] production.DEBUG: 39未开启  
[2020-06-08 00:08:02] production.DEBUG: -------------IN_IA----------- [true] 
[2020-06-08 00:08:02] production.DEBUG: ----定时任务执行----  
[2020-06-08 00:08:02] production.DEBUG: 3未开启  
[2020-06-08 00:08:02] production.DEBUG: 39未开启  
[2020-06-08 00:09:02] production.DEBUG: -------------IN_IA----------- [true] 
[2020-06-08 00:09:02] production.DEBUG: ----定时任务执行----  
[2020-06-08 00:09:02] production.DEBUG: 3未开启  
[2020-06-08 00:09:02] production.DEBUG: 39未开启  
[2020-06-08 00:10:01] production.DEBUG: -------------IN_IA----------- [true] 
[2020-06-08 00:10:01] production.DEBUG: ----定时任务执行----  
[2020-06-08 00:10:01] production.DEBUG: 3未开启  
[2020-06-08 00:10:01] production.DEBUG: 39未开启  
[2020-06-08 00:10:01] production.DEBUG: -----------商品定时上下架-----------------uniacid:3  
[2020-06-08 00:10:01] production.DEBUG: -----------商品定时上下架-----------------uniacid:39  
[2020-06-08 00:11:01] production.DEBUG: -------------IN_IA----------- [true] 
[2020-06-08 00:11:01] production.DEBUG: ----定时任务执行----  
[2020-06-08 00:11:01] production.DEBUG: 3未开启  
[2020-06-08 00:11:01] production.DEBUG: 39未开启  
[2020-06-08 00:12:02] production.DEBUG: -------------IN_IA----------- [true] 
[2020-06-08 00:12:02] production.DEBUG: ----定时任务执行----  
[2020-06-08 00:12:02] production.DEBUG: 3未开启  
[2020-06-08 00:12:02] production.DEBUG: 39未开启  
[2020-06-08 00:13:01] production.DEBUG: -------------IN_IA----------- [true] 
[2020-06-08 00:13:01] production.DEBUG: ----定时任务执行----  
[2020-06-08 00:13:01] production.DEBUG: 3未开启  
[2020-06-08 00:13:01] production.DEBUG: 39未开启  
[2020-06-08 00:14:02] production.DEBUG: -------------IN_IA----------- [true] 
[2020-06-08 00:14:02] production.DEBUG: ----定时任务执行----  
[2020-06-08 00:14:02] production.DEBUG: 3未开启  
[2020-06-08 00:14:02] production.DEBUG: 39未开启  
[2020-06-08 00:15:01] production.DEBUG: -------------IN_IA----------- [true] 
[2020-06-08 00:15:01] production.DEBUG: ----定时任务执行----  
[2020-06-08 00:15:01] production.DEBUG: 3未开启  
[2020-06-08 00:15:01] production.DEBUG: 39未开启  
[2020-06-08 00:16:01] production.DEBUG: -------------IN_IA----------- [true] 
[2020-06-08 00:16:01] production.DEBUG: ----定时任务执行----  
[2020-06-08 00:16:01] production.DEBUG: 3未开启  
[2020-06-08 00:16:01] production.DEBUG: 39未开启  
[2020-06-08 00:17:02] production.DEBUG: -------------IN_IA----------- [true] 
[2020-06-08 00:17:02] production.DEBUG: ----定时任务执行----  
[2020-06-08 00:17:02] production.DEBUG: 3未开启  
[2020-06-08 00:17:02] production.DEBUG: 39未开启  
[2020-06-08 00:18:01] production.DEBUG: -------------IN_IA----------- [true] 
[2020-06-08 00:18:01] production.DEBUG: ----定时任务执行----  
[2020-06-08 00:18:01] production.DEBUG: 3未开启  
[2020-06-08 00:18:01] production.DEBUG: 39未开启  
[2020-06-08 00:19:02] production.DEBUG: -------------IN_IA----------- [true] 
[2020-06-08 00:19:02] production.DEBUG: ----定时任务执行----  
[2020-06-08 00:19:02] production.DEBUG: 3未开启  
[2020-06-08 00:19:02] production.DEBUG: 39未开启  
[2020-06-08 00:20:02] production.DEBUG: -------------IN_IA----------- [true] 
[2020-06-08 00:20:02] production.DEBUG: ----定时任务执行----  
[2020-06-08 00:20:02] production.DEBUG: 3未开启  
[2020-06-08 00:20:02] production.DEBUG: 39未开启  
[2020-06-08 00:20:02] production.DEBUG: -----------商品定时上下架-----------------uniacid:3  
[2020-06-08 00:20:02] production.DEBUG: -----------商品定时上下架-----------------uniacid:39  
[2020-06-08 00:21:01] production.DEBUG: -------------IN_IA----------- [true] 
[2020-06-08 00:21:01] production.DEBUG: ----定时任务执行----  
[2020-06-08 00:21:01] production.DEBUG: 3未开启  
[2020-06-08 00:21:01] production.DEBUG: 39未开启  
[2020-06-08 00:22:02] production.DEBUG: -------------IN_IA----------- [true] 
[2020-06-08 00:22:02] production.DEBUG: ----定时任务执行----  
[2020-06-08 00:22:02] production.DEBUG: 3未开启  
[2020-06-08 00:22:02] production.DEBUG: 39未开启  
[2020-06-08 00:23:02] production.DEBUG: -------------IN_IA----------- [true] 
[2020-06-08 00:23:02] production.DEBUG: ----定时任务执行----  
[2020-06-08 00:23:02] production.DEBUG: 3未开启  
[2020-06-08 00:23:02] production.DEBUG: 39未开启  
[2020-06-08 00:24:01] production.DEBUG: -------------IN_IA----------- [true] 
[2020-06-08 00:24:01] production.DEBUG: ----定时任务执行----  
[2020-06-08 00:24:01] production.DEBUG: 3未开启  
[2020-06-08 00:24:01] production.DEBUG: 39未开启  
[2020-06-08 00:25:02] production.DEBUG: -------------IN_IA----------- [true] 
[2020-06-08 00:25:02] production.DEBUG: ----定时任务执行----  
[2020-06-08 00:25:02] production.DEBUG: 3未开启  
[2020-06-08 00:25:02] production.DEBUG: 39未开启  
[2020-06-08 00:26:01] production.DEBUG: -------------IN_IA----------- [true] 
[2020-06-08 00:26:01] production.DEBUG: ----定时任务执行----  
[2020-06-08 00:26:01] production.DEBUG: 3未开启  
[2020-06-08 00:26:01] production.DEBUG: 39未开启  
[2020-06-08 00:27:01] production.DEBUG: -------------IN_IA----------- [true] 
[2020-06-08 00:27:01] production.DEBUG: ----定时任务执行----  
[2020-06-08 00:27:01] production.DEBUG: 3未开启  
[2020-06-08 00:27:01] production.DEBUG: 39未开启  
[2020-06-08 00:28:02] production.DEBUG: -------------IN_IA----------- [true] 
[2020-06-08 00:28:02] production.DEBUG: ----定时任务执行----  
[2020-06-08 00:28:02] production.DEBUG: 3未开启  
[2020-06-08 00:28:02] production.DEBUG: 39未开启  
[2020-06-08 00:29:01] production.DEBUG: -------------IN_IA----------- [true] 
[2020-06-08 00:29:01] production.DEBUG: ----定时任务执行----  
[2020-06-08 00:29:01] production.DEBUG: 3未开启  
[2020-06-08 00:29:01] production.DEBUG: 39未开启  
[2020-06-08 00:30:01] production.DEBUG: -------------IN_IA----------- [true] 
[2020-06-08 00:30:01] production.DEBUG: ----定时任务执行----  
[2020-06-08 00:30:01] production.DEBUG: 3未开启  
[2020-06-08 00:30:01] production.DEBUG: 39未开启  
[2020-06-08 00:30:01] production.DEBUG: -----------商品定时上下架-----------------uniacid:3  
[2020-06-08 00:30:01] production.DEBUG: -----------商品定时上下架-----------------uniacid:39  
[2020-06-08 00:31:02] production.DEBUG: -------------IN_IA----------- [true] 
[2020-06-08 00:31:02] production.DEBUG: ----定时任务执行----  
[2020-06-08 00:31:02] production.DEBUG: 3未开启  
[2020-06-08 00:31:02] production.DEBUG: 39未开启  
[2020-06-08 00:32:01] production.DEBUG: -------------IN_IA----------- [true] 
[2020-06-08 00:32:01] production.DEBUG: ----定时任务执行----  
[2020-06-08 00:32:01] production.DEBUG: 3未开启  
[2020-06-08 00:32:01] production.DEBUG: 39未开启  
[2020-06-08 00:33:02] production.DEBUG: -------------IN_IA----------- [true] 
[2020-06-08 00:33:02] production.DEBUG: ----定时任务执行----  
[2020-06-08 00:33:02] production.DEBUG: 3未开启  
[2020-06-08 00:33:02] production.DEBUG: 39未开启  
[2020-06-08 00:34:01] production.DEBUG: -------------IN_IA----------- [true] 
[2020-06-08 00:34:01] production.DEBUG: ----定时任务执行----  
[2020-06-08 00:34:01] production.DEBUG: 3未开启  
[2020-06-08 00:34:01] production.DEBUG: 39未开启  
[2020-06-08 00:35:01] production.DEBUG: -------------IN_IA----------- [true] 
[2020-06-08 00:35:01] production.DEBUG: ----定时任务执行----  
[2020-06-08 00:35:01] production.DEBUG: 3未开启  
[2020-06-08 00:35:01] production.DEBUG: 39未开启  
[2020-06-08 00:36:02] production.DEBUG: -------------IN_IA----------- [true] 
[2020-06-08 00:36:02] production.DEBUG: ----定时任务执行----  
[2020-06-08 00:36:02] production.DEBUG: 3未开启  
[2020-06-08 00:36:02] production.DEBUG: 39未开启  
[2020-06-08 00:37:01] production.DEBUG: -------------IN_IA----------- [true] 
[2020-06-08 00:37:01] production.DEBUG: ----定时任务执行----  
[2020-06-08 00:37:01] production.DEBUG: 3未开启  
[2020-06-08 00:37:01] production.DEBUG: 39未开启  
[2020-06-08 00:38:01] production.DEBUG: -------------IN_IA----------- [true] 
[2020-06-08 00:38:01] production.DEBUG: ----定时任务执行----  
[2020-06-08 00:38:01] production.DEBUG: 3未开启  
[2020-06-08 00:38:01] production.DEBUG: 39未开启  
[2020-06-08 00:39:01] production.DEBUG: -------------IN_IA----------- [true] 
[2020-06-08 00:39:01] production.DEBUG: ----定时任务执行----  
[2020-06-08 00:39:01] production.DEBUG: 3未开启  
[2020-06-08 00:39:01] production.DEBUG: 39未开启  
[2020-06-08 00:40:01] production.DEBUG: -------------IN_IA----------- [true] 
[2020-06-08 00:40:01] production.DEBUG: ----定时任务执行----  
[2020-06-08 00:40:01] production.DEBUG: 3未开启  
[2020-06-08 00:40:01] production.DEBUG: 39未开启  
[2020-06-08 00:40:01] production.DEBUG: -----------商品定时上下架-----------------uniacid:3  
[2020-06-08 00:40:01] production.DEBUG: -----------商品定时上下架-----------------uniacid:39  
[2020-06-08 00:41:02] production.DEBUG: -------------IN_IA----------- [true] 
[2020-06-08 00:41:02] production.DEBUG: ----定时任务执行----  
[2020-06-08 00:41:02] production.DEBUG: 3未开启  
[2020-06-08 00:41:02] production.DEBUG: 39未开启  
[2020-06-08 00:42:01] production.DEBUG: -------------IN_IA----------- [true] 
[2020-06-08 00:42:01] production.DEBUG: ----定时任务执行----  
[2020-06-08 00:42:01] production.DEBUG: 3未开启  
[2020-06-08 00:42:01] production.DEBUG: 39未开启  
[2020-06-08 00:43:01] production.DEBUG: -------------IN_IA----------- [true] 
[2020-06-08 00:43:01] production.DEBUG: ----定时任务执行----  
[2020-06-08 00:43:01] production.DEBUG: 3未开启  
[2020-06-08 00:43:01] production.DEBUG: 39未开启  
[2020-06-08 00:44:02] production.DEBUG: -------------IN_IA----------- [true] 
[2020-06-08 00:44:02] production.DEBUG: ----定时任务执行----  
[2020-06-08 00:44:02] production.DEBUG: 3未开启  
[2020-06-08 00:44:02] production.DEBUG: 39未开启  
[2020-06-08 00:45:01] production.DEBUG: -------------IN_IA----------- [true] 
[2020-06-08 00:45:01] production.DEBUG: ----定时任务执行----  
[2020-06-08 00:45:01] production.DEBUG: 3未开启  
[2020-06-08 00:45:01] production.DEBUG: 39未开启  
[2020-06-08 00:46:02] production.DEBUG: -------------IN_IA----------- [true] 
[2020-06-08 00:46:02] production.DEBUG: ----定时任务执行----  
[2020-06-08 00:46:02] production.DEBUG: 3未开启  
[2020-06-08 00:46:02] production.DEBUG: 39未开启  
[2020-06-08 00:47:01] production.DEBUG: -------------IN_IA----------- [true] 
[2020-06-08 00:47:01] production.DEBUG: ----定时任务执行----  
[2020-06-08 00:47:01] production.DEBUG: 3未开启  
[2020-06-08 00:47:01] production.DEBUG: 39未开启  
[2020-06-08 00:48:01] production.DEBUG: -------------IN_IA----------- [true] 
[2020-06-08 00:48:01] production.DEBUG: ----定时任务执行----  
[2020-06-08 00:48:01] production.DEBUG: 3未开启  
[2020-06-08 00:48:01] production.DEBUG: 39未开启  
[2020-06-08 00:49:02] production.DEBUG: -------------IN_IA----------- [true] 
[2020-06-08 00:49:02] production.DEBUG: ----定时任务执行----  
[2020-06-08 00:49:02] production.DEBUG: 3未开启  
[2020-06-08 00:49:02] production.DEBUG: 39未开启  
[2020-06-08 00:50:01] production.DEBUG: -------------IN_IA----------- [true] 
[2020-06-08 00:50:01] production.DEBUG: ----定时任务执行----  
[2020-06-08 00:50:01] production.DEBUG: 3未开启  
[2020-06-08 00:50:01] production.DEBUG: 39未开启  
[2020-06-08 00:50:01] production.DEBUG: -----------商品定时上下架-----------------uniacid:3  
[2020-06-08 00:50:01] production.DEBUG: -----------商品定时上下架-----------------uniacid:39  
[2020-06-08 00:51:01] production.DEBUG: -------------IN_IA----------- [true] 
[2020-06-08 00:51:01] production.DEBUG: ----定时任务执行----  
[2020-06-08 00:51:01] production.DEBUG: 3未开启  
[2020-06-08 00:51:01] production.DEBUG: 39未开启  
[2020-06-08 00:52:01] production.DEBUG: -------------IN_IA----------- [true] 
[2020-06-08 00:52:01] production.DEBUG: ----定时任务执行----  
[2020-06-08 00:52:01] production.DEBUG: 3未开启  
[2020-06-08 00:52:01] production.DEBUG: 39未开启  
[2020-06-08 00:53:01] production.DEBUG: -------------IN_IA----------- [true] 
[2020-06-08 00:53:01] production.DEBUG: ----定时任务执行----  
[2020-06-08 00:53:01] production.DEBUG: 3未开启  
[2020-06-08 00:53:01] production.DEBUG: 39未开启  
[2020-06-08 00:54:02] production.DEBUG: -------------IN_IA----------- [true] 
[2020-06-08 00:54:02] production.DEBUG: ----定时任务执行----  
[2020-06-08 00:54:02] production.DEBUG: 3未开启  
[2020-06-08 00:54:02] production.DEBUG: 39未开启  
[2020-06-08 00:55:01] production.DEBUG: -------------IN_IA----------- [true] 
[2020-06-08 00:55:01] production.DEBUG: ----定时任务执行----  
[2020-06-08 00:55:01] production.DEBUG: 3未开启  
[2020-06-08 00:55:01] production.DEBUG: 39未开启  
[2020-06-08 00:56:01] production.DEBUG: -------------IN_IA----------- [true] 
[2020-06-08 00:56:01] production.DEBUG: ----定时任务执行----  
[2020-06-08 00:56:01] production.DEBUG: 3未开启  
[2020-06-08 00:56:01] production.DEBUG: 39未开启  
[2020-06-08 00:57:02] production.DEBUG: -------------IN_IA----------- [true] 
[2020-06-08 00:57:02] production.DEBUG: ----定时任务执行----  
[2020-06-08 00:57:02] production.DEBUG: 3未开启  
[2020-06-08 00:57:02] production.DEBUG: 39未开启  
[2020-06-08 00:58:01] production.DEBUG: -------------IN_IA----------- [true] 
[2020-06-08 00:58:01] production.DEBUG: ----定时任务执行----  
[2020-06-08 00:58:01] production.DEBUG: 3未开启  
[2020-06-08 00:58:01] production.DEBUG: 39未开启  
[2020-06-08 00:59:02] production.DEBUG: -------------IN_IA----------- [true] 
[2020-06-08 00:59:02] production.DEBUG: ----定时任务执行----  
[2020-06-08 00:59:02] production.DEBUG: 3未开启  
[2020-06-08 00:59:02] production.DEBUG: 39未开启  
[2020-06-08 01:00:01] production.DEBUG: -------------IN_IA----------- [true] 
[2020-06-08 01:00:01] production.DEBUG: ----定时任务执行----  
[2020-06-08 01:00:01] production.DEBUG: 3未开启  
[2020-06-08 01:00:01] production.DEBUG: 39未开启  
[2020-06-08 01:00:01] production.DEBUG: 商城订单统计  
[2020-06-08 01:01:01] production.DEBUG: -------------IN_IA----------- [true] 
[2020-06-08 01:01:01] production.DEBUG: ----定时任务执行----  
[2020-06-08 01:01:01] production.DEBUG: 3未开启  
[2020-06-08 01:01:01] production.DEBUG: 39未开启  
[2020-06-08 01:02:01] production.DEBUG: -------------IN_IA----------- [true] 
[2020-06-08 01:02:01] production.DEBUG: ----定时任务执行----  
[2020-06-08 01:02:01] production.DEBUG: 3未开启  
[2020-06-08 01:02:01] production.DEBUG: 39未开启  
[2020-06-08 01:03:02] production.DEBUG: -------------IN_IA----------- [true] 
[2020-06-08 01:03:02] production.DEBUG: ----定时任务执行----  
[2020-06-08 01:03:02] production.DEBUG: 3未开启  
[2020-06-08 01:03:02] production.DEBUG: 39未开启  
[2020-06-08 01:04:01] production.DEBUG: -------------IN_IA----------- [true] 
[2020-06-08 01:04:01] production.DEBUG: ----定时任务执行----  
[2020-06-08 01:04:01] production.DEBUG: 3未开启  
[2020-06-08 01:04:01] production.DEBUG: 39未开启  
[2020-06-08 01:05:02] production.DEBUG: -------------IN_IA----------- [true] 
[2020-06-08 01:05:02] production.DEBUG: ----定时任务执行----  
[2020-06-08 01:05:02] production.DEBUG: 3未开启  
[2020-06-08 01:05:02] production.DEBUG: 39未开启  
[2020-06-08 01:06:01] production.DEBUG: -------------IN_IA----------- [true] 
[2020-06-08 01:06:01] production.DEBUG: ----定时任务执行----  
[2020-06-08 01:06:01] production.DEBUG: 3未开启  
[2020-06-08 01:06:01] production.DEBUG: 39未开启  
[2020-06-08 01:07:01] production.DEBUG: -------------IN_IA----------- [true] 
[2020-06-08 01:07:01] production.DEBUG: ----定时任务执行----  
[2020-06-08 01:07:01] production.DEBUG: 3未开启  
[2020-06-08 01:07:01] production.DEBUG: 39未开启  
[2020-06-08 01:08:02] production.DEBUG: -------------IN_IA----------- [true] 
[2020-06-08 01:08:02] production.DEBUG: ----定时任务执行----  
[2020-06-08 01:08:02] production.DEBUG: 3未开启  
[2020-06-08 01:08:02] production.DEBUG: 39未开启  
[2020-06-08 01:09:01] production.DEBUG: -------------IN_IA----------- [true] 
[2020-06-08 01:09:01] production.DEBUG: ----定时任务执行----  
[2020-06-08 01:09:01] production.DEBUG: 3未开启  
[2020-06-08 01:09:01] production.DEBUG: 39未开启  
[2020-06-08 01:10:02] production.DEBUG: -------------IN_IA----------- [true] 
[2020-06-08 01:10:02] production.DEBUG: ----定时任务执行----  
[2020-06-08 01:10:02] production.DEBUG: 3未开启  
[2020-06-08 01:10:02] production.DEBUG: 39未开启  
[2020-06-08 01:10:02] production.DEBUG: -----------商品定时上下架-----------------uniacid:3  
[2020-06-08 01:10:02] production.DEBUG: -----------商品定时上下架-----------------uniacid:39  
[2020-06-08 01:11:02] production.DEBUG: -------------IN_IA----------- [true] 
[2020-06-08 01:11:02] production.DEBUG: ----定时任务执行----  
[2020-06-08 01:11:02] production.DEBUG: 3未开启  
[2020-06-08 01:11:02] production.DEBUG: 39未开启  
[2020-06-08 01:12:01] production.DEBUG: -------------IN_IA----------- [true] 
[2020-06-08 01:12:01] production.DEBUG: ----定时任务执行----  
[2020-06-08 01:12:01] production.DEBUG: 3未开启  
[2020-06-08 01:12:01] production.DEBUG: 39未开启  
[2020-06-08 01:13:02] production.DEBUG: -------------IN_IA----------- [true] 
[2020-06-08 01:13:02] production.DEBUG: ----定时任务执行----  
[2020-06-08 01:13:02] production.DEBUG: 3未开启  
[2020-06-08 01:13:02] production.DEBUG: 39未开启  
[2020-06-08 01:14:01] production.DEBUG: -------------IN_IA----------- [true] 
[2020-06-08 01:14:01] production.DEBUG: ----定时任务执行----  
[2020-06-08 01:14:01] production.DEBUG: 3未开启  
[2020-06-08 01:14:01] production.DEBUG: 39未开启  
[2020-06-08 01:15:01] production.DEBUG: -------------IN_IA----------- [true] 
[2020-06-08 01:15:01] production.DEBUG: ----定时任务执行----  
[2020-06-08 01:15:01] production.DEBUG: 3未开启  
[2020-06-08 01:15:01] production.DEBUG: 39未开启  
[2020-06-08 01:16:02] production.DEBUG: -------------IN_IA----------- [true] 
[2020-06-08 01:16:02] production.DEBUG: ----定时任务执行----  
[2020-06-08 01:16:02] production.DEBUG: 3未开启  
[2020-06-08 01:16:02] production.DEBUG: 39未开启  
[2020-06-08 01:17:01] production.DEBUG: -------------IN_IA----------- [true] 
[2020-06-08 01:17:01] production.DEBUG: ----定时任务执行----  
[2020-06-08 01:17:01] production.DEBUG: 3未开启  
[2020-06-08 01:17:01] production.DEBUG: 39未开启  
[2020-06-08 01:18:01] production.DEBUG: -------------IN_IA----------- [true] 
[2020-06-08 01:18:01] production.DEBUG: ----定时任务执行----  
[2020-06-08 01:18:01] production.DEBUG: 3未开启  
[2020-06-08 01:18:01] production.DEBUG: 39未开启  
[2020-06-08 01:19:01] production.DEBUG: -------------IN_IA----------- [true] 
[2020-06-08 01:19:01] production.DEBUG: ----定时任务执行----  
[2020-06-08 01:19:01] production.DEBUG: 3未开启  
[2020-06-08 01:19:01] production.DEBUG: 39未开启  
[2020-06-08 01:20:01] production.DEBUG: -------------IN_IA----------- [true] 
[2020-06-08 01:20:01] production.DEBUG: ----定时任务执行----  
[2020-06-08 01:20:01] production.DEBUG: 3未开启  
[2020-06-08 01:20:01] production.DEBUG: 39未开启  
[2020-06-08 01:20:01] production.DEBUG: -----------商品定时上下架-----------------uniacid:3  
[2020-06-08 01:20:01] production.DEBUG: -----------商品定时上下架-----------------uniacid:39  
[2020-06-08 01:21:02] production.DEBUG: -------------IN_IA----------- [true] 
[2020-06-08 01:21:02] production.DEBUG: ----定时任务执行----  
[2020-06-08 01:21:02] production.DEBUG: 3未开启  
[2020-06-08 01:21:02] production.DEBUG: 39未开启  
[2020-06-08 01:22:02] production.DEBUG: -------------IN_IA----------- [true] 
[2020-06-08 01:22:02] production.DEBUG: ----定时任务执行----  
[2020-06-08 01:22:02] production.DEBUG: 3未开启  
[2020-06-08 01:22:02] production.DEBUG: 39未开启  
[2020-06-08 01:23:01] production.DEBUG: -------------IN_IA----------- [true] 
[2020-06-08 01:23:01] production.DEBUG: ----定时任务执行----  
[2020-06-08 01:23:01] production.DEBUG: 3未开启  
[2020-06-08 01:23:01] production.DEBUG: 39未开启  
[2020-06-08 01:24:02] production.DEBUG: -------------IN_IA----------- [true] 
[2020-06-08 01:24:02] production.DEBUG: ----定时任务执行----  
[2020-06-08 01:24:02] production.DEBUG: 3未开启  
[2020-06-08 01:24:02] production.DEBUG: 39未开启  
[2020-06-08 01:25:01] production.DEBUG: -------------IN_IA----------- [true] 
[2020-06-08 01:25:01] production.DEBUG: ----定时任务执行----  
[2020-06-08 01:25:01] production.DEBUG: 3未开启  
[2020-06-08 01:25:01] production.DEBUG: 39未开启  
[2020-06-08 01:26:01] production.DEBUG: -------------IN_IA----------- [true] 
[2020-06-08 01:26:01] production.DEBUG: ----定时任务执行----  
[2020-06-08 01:26:01] production.DEBUG: 3未开启  
[2020-06-08 01:26:01] production.DEBUG: 39未开启  
[2020-06-08 01:26:24] production.DEBUG: ----会员下线统计定时任务----  
[2020-06-08 01:26:24] production.DEBUG: -----------商品定时上下架-----------------uniacid:3  
[2020-06-08 01:26:24] production.DEBUG: -----------商品定时上下架-----------------uniacid:39  
[2020-06-08 01:26:25] production.DEBUG: --------执行------- [3] 
[2020-06-08 01:26:25] production.DEBUG: --------执行------- [39] 
[2020-06-08 01:27:01] production.DEBUG: -------------IN_IA----------- [true] 
[2020-06-08 01:27:01] production.DEBUG: ----定时任务执行----  
[2020-06-08 01:27:01] production.DEBUG: 3未开启  
[2020-06-08 01:27:01] production.DEBUG: 39未开启  
[2020-06-08 01:28:01] production.DEBUG: -------------IN_IA----------- [true] 
[2020-06-08 01:28:01] production.DEBUG: ----定时任务执行----  
[2020-06-08 01:28:01] production.DEBUG: 3未开启  
[2020-06-08 01:28:01] production.DEBUG: 39未开启  
[2020-06-08 01:29:02] production.DEBUG: -------------IN_IA----------- [true] 
[2020-06-08 01:29:02] production.DEBUG: ----定时任务执行----  
[2020-06-08 01:29:02] production.DEBUG: 3未开启  
[2020-06-08 01:29:02] production.DEBUG: 39未开启  
[2020-06-08 01:30:01] production.DEBUG: -------------IN_IA----------- [true] 
[2020-06-08 01:30:01] production.DEBUG: ----定时任务执行----  
[2020-06-08 01:30:01] production.DEBUG: 3未开启  
[2020-06-08 01:30:01] production.DEBUG: 39未开启  
[2020-06-08 01:30:01] production.DEBUG: -----------商品定时上下架-----------------uniacid:3  
[2020-06-08 01:30:01] production.DEBUG: -----------商品定时上下架-----------------uniacid:39  
[2020-06-08 01:31:04] production.DEBUG: -------------IN_IA----------- [true] 
[2020-06-08 01:31:04] production.DEBUG: ----定时任务执行----  
[2020-06-08 01:31:04] production.DEBUG: 3未开启  
[2020-06-08 01:31:04] production.DEBUG: 39未开启  
[2020-06-08 01:32:02] production.DEBUG: -------------IN_IA----------- [true] 
[2020-06-08 01:32:02] production.DEBUG: ----定时任务执行----  
[2020-06-08 01:32:02] production.DEBUG: 3未开启  
[2020-06-08 01:32:02] production.DEBUG: 39未开启  
[2020-06-08 01:33:02] production.DEBUG: -------------IN_IA----------- [true] 
[2020-06-08 01:33:02] production.DEBUG: ----定时任务执行----  
[2020-06-08 01:33:02] production.DEBUG: 3未开启  
[2020-06-08 01:33:02] production.DEBUG: 39未开启  
[2020-06-08 01:34:02] production.DEBUG: -------------IN_IA----------- [true] 
[2020-06-08 01:34:02] production.DEBUG: ----定时任务执行----  
[2020-06-08 01:34:02] production.DEBUG: 3未开启  
[2020-06-08 01:34:02] production.DEBUG: 39未开启  
[2020-06-08 01:35:01] production.DEBUG: -------------IN_IA----------- [true] 
[2020-06-08 01:35:01] production.DEBUG: ----定时任务执行----  
[2020-06-08 01:35:01] production.DEBUG: 3未开启  
[2020-06-08 01:35:01] production.DEBUG: 39未开启  
[2020-06-08 01:36:02] production.DEBUG: -------------IN_IA----------- [true] 
[2020-06-08 01:36:02] production.DEBUG: ----定时任务执行----  
[2020-06-08 01:36:02] production.DEBUG: 3未开启  
[2020-06-08 01:36:02] production.DEBUG: 39未开启  
[2020-06-08 01:37:01] production.DEBUG: -------------IN_IA----------- [true] 
[2020-06-08 01:37:01] production.DEBUG: ----定时任务执行----  
[2020-06-08 01:37:01] production.DEBUG: 3未开启  
[2020-06-08 01:37:01] production.DEBUG: 39未开启  
[2020-06-08 01:38:01] production.DEBUG: -------------IN_IA----------- [true] 
[2020-06-08 01:38:01] production.DEBUG: ----定时任务执行----  
[2020-06-08 01:38:01] production.DEBUG: 3未开启  
[2020-06-08 01:38:01] production.DEBUG: 39未开启  
[2020-06-08 01:39:02] production.DEBUG: -------------IN_IA----------- [true] 
[2020-06-08 01:39:02] production.DEBUG: ----定时任务执行----  
[2020-06-08 01:39:02] production.DEBUG: 3未开启  
[2020-06-08 01:39:02] production.DEBUG: 39未开启  
[2020-06-08 01:40:01] production.DEBUG: -------------IN_IA----------- [true] 
[2020-06-08 01:40:01] production.DEBUG: ----定时任务执行----  
[2020-06-08 01:40:01] production.DEBUG: 3未开启  
[2020-06-08 01:40:01] production.DEBUG: 39未开启  
[2020-06-08 01:40:01] production.DEBUG: -----------商品定时上下架-----------------uniacid:3  
[2020-06-08 01:40:01] production.DEBUG: -----------商品定时上下架-----------------uniacid:39  
[2020-06-08 01:41:02] production.DEBUG: -------------IN_IA----------- [true] 
[2020-06-08 01:41:02] production.DEBUG: ----定时任务执行----  
[2020-06-08 01:41:02] production.DEBUG: 3未开启  
[2020-06-08 01:41:02] production.DEBUG: 39未开启  
[2020-06-08 01:42:01] production.DEBUG: -------------IN_IA----------- [true] 
[2020-06-08 01:42:01] production.DEBUG: ----定时任务执行----  
[2020-06-08 01:42:01] production.DEBUG: 3未开启  
[2020-06-08 01:42:01] production.DEBUG: 39未开启  
[2020-06-08 01:43:01] production.DEBUG: -------------IN_IA----------- [true] 
[2020-06-08 01:43:01] production.DEBUG: ----定时任务执行----  
[2020-06-08 01:43:01] production.DEBUG: 3未开启  
[2020-06-08 01:43:01] production.DEBUG: 39未开启  
[2020-06-08 01:44:02] production.DEBUG: -------------IN_IA----------- [true] 
[2020-06-08 01:44:02] production.DEBUG: ----定时任务执行----  
[2020-06-08 01:44:02] production.DEBUG: 3未开启  
[2020-06-08 01:44:02] production.DEBUG: 39未开启  
[2020-06-08 01:45:01] production.DEBUG: -------------IN_IA----------- [true] 
[2020-06-08 01:45:01] production.DEBUG: ----定时任务执行----  
[2020-06-08 01:45:01] production.DEBUG: 3未开启  
[2020-06-08 01:45:01] production.DEBUG: 39未开启  
[2020-06-08 01:46:02] production.DEBUG: -------------IN_IA----------- [true] 
[2020-06-08 01:46:02] production.DEBUG: ----定时任务执行----  
[2020-06-08 01:46:02] production.DEBUG: 3未开启  
[2020-06-08 01:46:02] production.DEBUG: 39未开启  
[2020-06-08 01:47:02] production.DEBUG: -------------IN_IA----------- [true] 
[2020-06-08 01:47:02] production.DEBUG: ----定时任务执行----  
[2020-06-08 01:47:02] production.DEBUG: 3未开启  
[2020-06-08 01:47:02] production.DEBUG: 39未开启  
[2020-06-08 01:48:01] production.DEBUG: -------------IN_IA----------- [true] 
[2020-06-08 01:48:01] production.DEBUG: ----定时任务执行----  
[2020-06-08 01:48:01] production.DEBUG: 3未开启  
[2020-06-08 01:48:01] production.DEBUG: 39未开启  
[2020-06-08 01:49:02] production.DEBUG: -------------IN_IA----------- [true] 
[2020-06-08 01:49:02] production.DEBUG: ----定时任务执行----  
[2020-06-08 01:49:02] production.DEBUG: 3未开启  
[2020-06-08 01:49:02] production.DEBUG: 39未开启  
[2020-06-08 01:50:01] production.DEBUG: -------------IN_IA----------- [true] 
[2020-06-08 01:50:01] production.DEBUG: ----定时任务执行----  
[2020-06-08 01:50:01] production.DEBUG: 3未开启  
[2020-06-08 01:50:01] production.DEBUG: 39未开启  
[2020-06-08 01:50:02] production.DEBUG: -----------商品定时上下架-----------------uniacid:3  
[2020-06-08 01:50:02] production.DEBUG: -----------商品定时上下架-----------------uniacid:39  
[2020-06-08 01:51:01] production.DEBUG: -------------IN_IA----------- [true] 
[2020-06-08 01:51:01] production.DEBUG: ----定时任务执行----  
[2020-06-08 01:51:01] production.DEBUG: 3未开启  
[2020-06-08 01:51:01] production.DEBUG: 39未开启  
[2020-06-08 01:52:02] production.DEBUG: -------------IN_IA----------- [true] 
[2020-06-08 01:52:02] production.DEBUG: ----定时任务执行----  
[2020-06-08 01:52:02] production.DEBUG: 3未开启  
[2020-06-08 01:52:02] production.DEBUG: 39未开启  
[2020-06-08 01:53:01] production.DEBUG: -------------IN_IA----------- [true] 
[2020-06-08 01:53:01] production.DEBUG: ----定时任务执行----  
[2020-06-08 01:53:01] production.DEBUG: 3未开启  
[2020-06-08 01:53:01] production.DEBUG: 39未开启  
[2020-06-08 01:54:01] production.DEBUG: -------------IN_IA----------- [true] 
[2020-06-08 01:54:01] production.DEBUG: ----定时任务执行----  
[2020-06-08 01:54:01] production.DEBUG: 3未开启  
[2020-06-08 01:54:01] production.DEBUG: 39未开启  
[2020-06-08 01:55:02] production.DEBUG: -------------IN_IA----------- [true] 
[2020-06-08 01:55:02] production.DEBUG: ----定时任务执行----  
[2020-06-08 01:55:02] production.DEBUG: 3未开启  
[2020-06-08 01:55:02] production.DEBUG: 39未开启  
[2020-06-08 01:56:01] production.DEBUG: -------------IN_IA----------- [true] 
[2020-06-08 01:56:01] production.DEBUG: ----定时任务执行----  
[2020-06-08 01:56:01] production.DEBUG: 3未开启  
[2020-06-08 01:56:01] production.DEBUG: 39未开启  
[2020-06-08 01:57:02] production.DEBUG: -------------IN_IA----------- [true] 
[2020-06-08 01:57:02] production.DEBUG: ----定时任务执行----  
[2020-06-08 01:57:02] production.DEBUG: 3未开启  
[2020-06-08 01:57:02] production.DEBUG: 39未开启  
[2020-06-08 01:58:01] production.DEBUG: -------------IN_IA----------- [true] 
[2020-06-08 01:58:01] production.DEBUG: ----定时任务执行----  
[2020-06-08 01:58:01] production.DEBUG: 3未开启  
[2020-06-08 01:58:01] production.DEBUG: 39未开启  
[2020-06-08 01:59:01] production.DEBUG: -------------IN_IA----------- [true] 
[2020-06-08 01:59:01] production.DEBUG: ----定时任务执行----  
[2020-06-08 01:59:01] production.DEBUG: 3未开启  
[2020-06-08 01:59:01] production.DEBUG: 39未开启  
[2020-06-08 02:00:02] production.DEBUG: -------------IN_IA----------- [true] 
[2020-06-08 02:00:02] production.DEBUG: ----定时任务执行----  
[2020-06-08 02:00:02] production.DEBUG: 3未开启  
[2020-06-08 02:00:02] production.DEBUG: 39未开启  
[2020-06-08 02:00:02] production.DEBUG: -----------商品定时上下架-----------------uniacid:3  
[2020-06-08 02:00:02] production.DEBUG: -----------商品定时上下架-----------------uniacid:39  
[2020-06-08 02:01:01] production.DEBUG: -------------IN_IA----------- [true] 
[2020-06-08 02:01:01] production.DEBUG: ----定时任务执行----  
[2020-06-08 02:01:01] production.DEBUG: 3未开启  
[2020-06-08 02:01:01] production.DEBUG: 39未开启  
[2020-06-08 02:02:01] production.DEBUG: -------------IN_IA----------- [true] 
[2020-06-08 02:02:01] production.DEBUG: ----定时任务执行----  
[2020-06-08 02:02:01] production.DEBUG: 3未开启  
[2020-06-08 02:02:01] production.DEBUG: 39未开启  
[2020-06-08 02:03:02] production.DEBUG: -------------IN_IA----------- [true] 
[2020-06-08 02:03:02] production.DEBUG: ----定时任务执行----  
[2020-06-08 02:03:02] production.DEBUG: 3未开启  
[2020-06-08 02:03:02] production.DEBUG: 39未开启  
[2020-06-08 02:04:01] production.DEBUG: -------------IN_IA----------- [true] 
[2020-06-08 02:04:01] production.DEBUG: ----定时任务执行----  
[2020-06-08 02:04:01] production.DEBUG: 3未开启  
[2020-06-08 02:04:01] production.DEBUG: 39未开启  
[2020-06-08 02:05:02] production.DEBUG: -------------IN_IA----------- [true] 
[2020-06-08 02:05:02] production.DEBUG: ----定时任务执行----  
[2020-06-08 02:05:02] production.DEBUG: 3未开启  
[2020-06-08 02:05:02] production.DEBUG: 39未开启  
[2020-06-08 02:06:01] production.DEBUG: -------------IN_IA----------- [true] 
[2020-06-08 02:06:01] production.DEBUG: ----定时任务执行----  
[2020-06-08 02:06:01] production.DEBUG: 3未开启  
[2020-06-08 02:06:01] production.DEBUG: 39未开启  
[2020-06-08 02:07:01] production.DEBUG: -------------IN_IA----------- [true] 
[2020-06-08 02:07:01] production.DEBUG: ----定时任务执行----  
[2020-06-08 02:07:01] production.DEBUG: 3未开启  
[2020-06-08 02:07:01] production.DEBUG: 39未开启  
[2020-06-08 02:08:02] production.DEBUG: -------------IN_IA----------- [true] 
[2020-06-08 02:08:02] production.DEBUG: ----定时任务执行----  
[2020-06-08 02:08:02] production.DEBUG: 3未开启  
[2020-06-08 02:08:02] production.DEBUG: 39未开启  
[2020-06-08 02:09:01] production.DEBUG: -------------IN_IA----------- [true] 
[2020-06-08 02:09:01] production.DEBUG: ----定时任务执行----  
[2020-06-08 02:09:01] production.DEBUG: 3未开启  
[2020-06-08 02:09:01] production.DEBUG: 39未开启  
[2020-06-08 02:10:02] production.DEBUG: -------------IN_IA----------- [true] 
[2020-06-08 02:10:02] production.DEBUG: ----定时任务执行----  
[2020-06-08 02:10:02] production.DEBUG: 3未开启  
[2020-06-08 02:10:02] production.DEBUG: 39未开启  
[2020-06-08 02:10:02] production.DEBUG: -----------商品定时上下架-----------------uniacid:3  
[2020-06-08 02:10:02] production.DEBUG: -----------商品定时上下架-----------------uniacid:39  
[2020-06-08 02:11:02] production.DEBUG: -------------IN_IA----------- [true] 
[2020-06-08 02:11:02] production.DEBUG: ----定时任务执行----  
[2020-06-08 02:11:02] production.DEBUG: 3未开启  
[2020-06-08 02:11:02] production.DEBUG: 39未开启  
[2020-06-08 02:12:01] production.DEBUG: -------------IN_IA----------- [true] 
[2020-06-08 02:12:01] production.DEBUG: ----定时任务执行----  
[2020-06-08 02:12:01] production.DEBUG: 3未开启  
[2020-06-08 02:12:01] production.DEBUG: 39未开启  
[2020-06-08 02:13:02] production.DEBUG: -------------IN_IA----------- [true] 
[2020-06-08 02:13:02] production.DEBUG: ----定时任务执行----  
[2020-06-08 02:13:02] production.DEBUG: 3未开启  
[2020-06-08 02:13:02] production.DEBUG: 39未开启  
[2020-06-08 02:14:01] production.DEBUG: -------------IN_IA----------- [true] 
[2020-06-08 02:14:01] production.DEBUG: ----定时任务执行----  
[2020-06-08 02:14:01] production.DEBUG: 3未开启  
[2020-06-08 02:14:01] production.DEBUG: 39未开启  
[2020-06-08 02:15:01] production.DEBUG: -------------IN_IA----------- [true] 
[2020-06-08 02:15:01] production.DEBUG: ----定时任务执行----  
[2020-06-08 02:15:01] production.DEBUG: 3未开启  
[2020-06-08 02:15:01] production.DEBUG: 39未开启  
[2020-06-08 02:16:02] production.DEBUG: -------------IN_IA----------- [true] 
[2020-06-08 02:16:02] production.DEBUG: ----定时任务执行----  
[2020-06-08 02:16:02] production.DEBUG: 3未开启  
[2020-06-08 02:16:02] production.DEBUG: 39未开启  
[2020-06-08 02:17:01] production.DEBUG: -------------IN_IA----------- [true] 
[2020-06-08 02:17:01] production.DEBUG: ----定时任务执行----  
[2020-06-08 02:17:01] production.DEBUG: 3未开启  
[2020-06-08 02:17:01] production.DEBUG: 39未开启  
[2020-06-08 02:18:01] production.DEBUG: -------------IN_IA----------- [true] 
[2020-06-08 02:18:01] production.DEBUG: ----定时任务执行----  
[2020-06-08 02:18:01] production.DEBUG: 3未开启  
[2020-06-08 02:18:01] production.DEBUG: 39未开启  
[2020-06-08 02:19:01] production.DEBUG: -------------IN_IA----------- [true] 
[2020-06-08 02:19:01] production.DEBUG: ----定时任务执行----  
[2020-06-08 02:19:01] production.DEBUG: 3未开启  
[2020-06-08 02:19:01] production.DEBUG: 39未开启  
[2020-06-08 02:20:01] production.DEBUG: -------------IN_IA----------- [true] 
[2020-06-08 02:20:01] production.DEBUG: ----定时任务执行----  
[2020-06-08 02:20:01] production.DEBUG: 3未开启  
[2020-06-08 02:20:01] production.DEBUG: 39未开启  
[2020-06-08 02:20:01] production.DEBUG: -----------商品定时上下架-----------------uniacid:3  
[2020-06-08 02:20:01] production.DEBUG: -----------商品定时上下架-----------------uniacid:39  
[2020-06-08 02:21:02] production.DEBUG: -------------IN_IA----------- [true] 
[2020-06-08 02:21:02] production.DEBUG: ----定时任务执行----  
[2020-06-08 02:21:02] production.DEBUG: 3未开启  
[2020-06-08 02:21:02] production.DEBUG: 39未开启  
[2020-06-08 02:22:01] production.DEBUG: -------------IN_IA----------- [true] 
[2020-06-08 02:22:01] production.DEBUG: ----定时任务执行----  
[2020-06-08 02:22:01] production.DEBUG: 3未开启  
[2020-06-08 02:22:01] production.DEBUG: 39未开启  
[2020-06-08 02:23:01] production.DEBUG: -------------IN_IA----------- [true] 
[2020-06-08 02:23:01] production.DEBUG: ----定时任务执行----  
[2020-06-08 02:23:01] production.DEBUG: 3未开启  
[2020-06-08 02:23:01] production.DEBUG: 39未开启  
[2020-06-08 02:24:02] production.DEBUG: -------------IN_IA----------- [true] 
[2020-06-08 02:24:02] production.DEBUG: ----定时任务执行----  
[2020-06-08 02:24:02] production.DEBUG: 3未开启  
[2020-06-08 02:24:02] production.DEBUG: 39未开启  
[2020-06-08 02:25:01] production.DEBUG: -------------IN_IA----------- [true] 
[2020-06-08 02:25:01] production.DEBUG: ----定时任务执行----  
[2020-06-08 02:25:01] production.DEBUG: 3未开启  
[2020-06-08 02:25:01] production.DEBUG: 39未开启  
[2020-06-08 02:26:01] production.DEBUG: -------------IN_IA----------- [true] 
[2020-06-08 02:26:01] production.DEBUG: ----定时任务执行----  
[2020-06-08 02:26:01] production.DEBUG: 3未开启  
[2020-06-08 02:26:01] production.DEBUG: 39未开启  
[2020-06-08 02:27:02] production.DEBUG: -------------IN_IA----------- [true] 
[2020-06-08 02:27:02] production.DEBUG: ----定时任务执行----  
[2020-06-08 02:27:02] production.DEBUG: 3未开启  
[2020-06-08 02:27:02] production.DEBUG: 39未开启  
[2020-06-08 02:28:01] production.DEBUG: -------------IN_IA----------- [true] 
[2020-06-08 02:28:01] production.DEBUG: ----定时任务执行----  
[2020-06-08 02:28:01] production.DEBUG: 3未开启  
[2020-06-08 02:28:01] production.DEBUG: 39未开启  
[2020-06-08 02:29:02] production.DEBUG: -------------IN_IA----------- [true] 
[2020-06-08 02:29:02] production.DEBUG: ----定时任务执行----  
[2020-06-08 02:29:02] production.DEBUG: 3未开启  
[2020-06-08 02:29:02] production.DEBUG: 39未开启  
[2020-06-08 02:30:01] production.DEBUG: -------------IN_IA----------- [true] 
[2020-06-08 02:30:01] production.DEBUG: ----定时任务执行----  
[2020-06-08 02:30:01] production.DEBUG: 3未开启  
[2020-06-08 02:30:01] production.DEBUG: 39未开启  
[2020-06-08 02:30:02] production.DEBUG: -----------商品定时上下架-----------------uniacid:3  
[2020-06-08 02:30:02] production.DEBUG: -----------商品定时上下架-----------------uniacid:39  
[2020-06-08 02:31:01] production.DEBUG: -------------IN_IA----------- [true] 
[2020-06-08 02:31:01] production.DEBUG: ----定时任务执行----  
[2020-06-08 02:31:01] production.DEBUG: 3未开启  
[2020-06-08 02:31:01] production.DEBUG: 39未开启  
[2020-06-08 02:32:02] production.DEBUG: -------------IN_IA----------- [true] 
[2020-06-08 02:32:02] production.DEBUG: ----定时任务执行----  
[2020-06-08 02:32:02] production.DEBUG: 3未开启  
[2020-06-08 02:32:02] production.DEBUG: 39未开启  
[2020-06-08 16:14:02] production.DEBUG: -------------IN_IA----------- [true] 
[2020-06-08 16:14:02] production.DEBUG: ----定时任务执行----  
[2020-06-08 16:14:02] production.DEBUG: 3未开启  
[2020-06-08 16:14:02] production.DEBUG: 39未开启  
[2020-06-08 16:15:02] production.DEBUG: -------------IN_IA----------- [true] 
[2020-06-08 16:15:02] production.DEBUG: ----定时任务执行----  
[2020-06-08 16:15:02] production.DEBUG: 3未开启  
[2020-06-08 16:15:02] production.DEBUG: 39未开启  
[2020-06-08 16:15:53] production.DEBUG: post ["八九"] 
[2020-06-08 16:15:53] production.DEBUG: json ["八九"] 
[2020-06-08 16:15:53] production.DEBUG: post ["八九"] 
[2020-06-08 16:15:53] production.DEBUG: json ["八九"] 
[2020-06-08 16:16:02] production.DEBUG: -------------IN_IA----------- [true] 
[2020-06-08 16:16:02] production.DEBUG: ----定时任务执行----  
[2020-06-08 16:16:02] production.DEBUG: 3未开启  
[2020-06-08 16:16:02] production.DEBUG: 39未开启  
[2020-06-08 16:17:02] production.DEBUG: -------------IN_IA----------- [true] 
[2020-06-08 16:17:02] production.DEBUG: ----定时任务执行----  
[2020-06-08 16:17:02] production.DEBUG: 3未开启  
[2020-06-08 16:17:02] production.DEBUG: 39未开启  
[2020-06-08 16:18:01] production.DEBUG: -------------IN_IA----------- [true] 
[2020-06-08 16:18:01] production.DEBUG: ----定时任务执行----  
[2020-06-08 16:18:01] production.DEBUG: 3未开启  
[2020-06-08 16:18:01] production.DEBUG: 39未开启  
[2020-06-08 16:35:02] production.DEBUG: -------------IN_IA----------- [true] 
[2020-06-08 16:35:02] production.DEBUG: ----定时任务执行----  
[2020-06-08 16:35:02] production.DEBUG: 3未开启  
[2020-06-08 16:35:02] production.DEBUG: 39未开启  
[2020-06-08 16:36:01] production.DEBUG: -------------IN_IA----------- [true] 
[2020-06-08 16:36:01] production.DEBUG: ----定时任务执行----  
[2020-06-08 16:36:01] production.DEBUG: 3未开启  
[2020-06-08 16:36:01] production.DEBUG: 39未开启  
[2020-06-08 16:37:02] production.DEBUG: -------------IN_IA----------- [true] 
[2020-06-08 16:37:02] production.DEBUG: ----定时任务执行----  
[2020-06-08 16:37:02] production.DEBUG: 3未开启  
[2020-06-08 16:37:02] production.DEBUG: 39未开启  
[2020-06-08 16:38:02] production.DEBUG: -------------IN_IA----------- [true] 
[2020-06-08 16:38:02] production.DEBUG: ----定时任务执行----  
[2020-06-08 16:38:02] production.DEBUG: 3未开启  
[2020-06-08 16:38:02] production.DEBUG: 39未开启  
[2020-06-08 16:39:01] production.DEBUG: -------------IN_IA----------- [true] 
[2020-06-08 16:39:01] production.DEBUG: ----定时任务执行----  
[2020-06-08 16:39:01] production.DEBUG: 3未开启  
[2020-06-08 16:39:01] production.DEBUG: 39未开启  
[2020-06-08 16:40:02] production.DEBUG: -------------IN_IA----------- [true] 
[2020-06-08 16:40:02] production.DEBUG: ----定时任务执行----  
[2020-06-08 16:40:02] production.DEBUG: 3未开启  
[2020-06-08 16:40:02] production.DEBUG: 39未开启  
[2020-06-08 16:40:02] production.DEBUG: -----------商品定时上下架-----------------uniacid:3  
[2020-06-08 16:40:02] production.DEBUG: -----------商品定时上下架-----------------uniacid:39  
[2020-06-08 16:41:02] production.DEBUG: -------------IN_IA----------- [true] 
[2020-06-08 16:41:02] production.DEBUG: ----定时任务执行----  
[2020-06-08 16:41:02] production.DEBUG: 3未开启  
[2020-06-08 16:41:02] production.DEBUG: 39未开启  
[2020-06-08 16:42:01] production.DEBUG: -------------IN_IA----------- [true] 
[2020-06-08 16:42:01] production.DEBUG: ----定时任务执行----  
[2020-06-08 16:42:01] production.DEBUG: 3未开启  
[2020-06-08 16:42:01] production.DEBUG: 39未开启  
[2020-06-08 16:42:37] production.DEBUG: ------HXQModule---------126420  
[2020-06-08 16:42:37] production.DEBUG: ------HXQModule---------0  
[2020-06-08 16:43:02] production.DEBUG: -------------IN_IA----------- [true] 
[2020-06-08 16:43:02] production.DEBUG: ----定时任务执行----  
[2020-06-08 16:43:02] production.DEBUG: 3未开启  
[2020-06-08 16:43:02] production.DEBUG: 39未开启  
[2020-06-08 16:44:02] production.DEBUG: -------------IN_IA----------- [true] 
[2020-06-08 16:44:02] production.DEBUG: ----定时任务执行----  
[2020-06-08 16:44:02] production.DEBUG: 3未开启  
[2020-06-08 16:44:02] production.DEBUG: 39未开启  
[2020-06-08 16:45:01] production.DEBUG: -------------IN_IA----------- [true] 
[2020-06-08 16:45:01] production.DEBUG: ----定时任务执行----  
[2020-06-08 16:45:01] production.DEBUG: 3未开启  
[2020-06-08 16:45:01] production.DEBUG: 39未开启  
[2020-06-08 16:46:02] production.DEBUG: -------------IN_IA----------- [true] 
[2020-06-08 16:46:02] production.DEBUG: ----定时任务执行----  
[2020-06-08 16:46:02] production.DEBUG: 3未开启  
[2020-06-08 16:46:02] production.DEBUG: 39未开启  
[2020-06-08 16:47:02] production.DEBUG: -------------IN_IA----------- [true] 
[2020-06-08 16:47:02] production.DEBUG: ----定时任务执行----  
[2020-06-08 16:47:02] production.DEBUG: 3未开启  
[2020-06-08 16:47:02] production.DEBUG: 39未开启  
[2020-06-08 16:48:01] production.DEBUG: -------------IN_IA----------- [true] 
[2020-06-08 16:48:01] production.DEBUG: ----定时任务执行----  
[2020-06-08 16:48:01] production.DEBUG: 3未开启  
[2020-06-08 16:48:01] production.DEBUG: 39未开启  
[2020-06-08 16:49:02] production.DEBUG: -------------IN_IA----------- [true] 
[2020-06-08 16:49:02] production.DEBUG: ----定时任务执行----  
[2020-06-08 16:49:02] production.DEBUG: 3未开启  
[2020-06-08 16:49:02] production.DEBUG: 39未开启  
[2020-06-08 16:50:01] production.DEBUG: -------------IN_IA----------- [true] 
[2020-06-08 16:50:01] production.DEBUG: ----定时任务执行----  
[2020-06-08 16:50:01] production.DEBUG: 3未开启  
[2020-06-08 16:50:01] production.DEBUG: 39未开启  
[2020-06-08 16:50:02] production.DEBUG: -----------商品定时上下架-----------------uniacid:3  
[2020-06-08 16:50:02] production.DEBUG: -----------商品定时上下架-----------------uniacid:39  
[2020-06-08 16:50:24] production.DEBUG: ----userinfo2---- {"openid":"owVKQwRYT7PMiNjR2_hbCBbLbD3A","nickname":"。","sex":1,"language":"zh_CN","city":"","province":"","country":"阿尔巴尼亚","headimgurl":"http://thirdwx.qlogo.cn/mmopen/vi_32/4jwibXVmrz8HQMI53xTDMQQDD7UgXANXBtwo5RwDC51FgicLkFooB9225hqAMGAYMRRqeVf7aiaXAPuEDfDCoXwXg/132","privilege":[],"unionid":"oauhut8OlUzUvw6LdJwSL76dVpjk","subscribe":0,"access_token":"34_h2IdYt1Sbp648u5oWmeegqpEylbpLXnCfeNtiSNL7dtrCic1uN2YctFAfGvqyei0clXaGXG73yLDeicKCxH5wQ","expires_in":7200,"refresh_token":"34_13MBETqyRWXyh2kkUEVxwNgAE8A3mpKLOKDcNJ3MeGdAvLvnToVnmmo8iyN5rTLRHSHk0UOjSADVJi92GWULXA","scope":"snsapi_userinfo"} 
[2020-06-08 16:50:24] production.DEBUG: post ["。"] 
[2020-06-08 16:50:24] production.DEBUG: json ["。"] 
[2020-06-08 16:50:24] production.DEBUG: ----unionid--- [125607] 
[2020-06-08 16:50:24] production.DEBUG: ----fans---- [125607] 
[2020-06-08 16:50:24] production.DEBUG: 微信登陆更新  
[2020-06-08 16:50:24] production.DEBUG: ----update_mapping_fans---- [125607] 
[2020-06-08 16:51:01] production.DEBUG: -------------IN_IA----------- [true] 
[2020-06-08 16:51:01] production.DEBUG: ----定时任务执行----  
[2020-06-08 16:51:01] production.DEBUG: 3未开启  
[2020-06-08 16:51:01] production.DEBUG: 39未开启  
[2020-06-08 16:52:02] production.DEBUG: -------------IN_IA----------- [true] 
[2020-06-08 16:52:02] production.DEBUG: ----定时任务执行----  
[2020-06-08 16:52:02] production.DEBUG: 3未开启  
[2020-06-08 16:52:02] production.DEBUG: 39未开启  
[2020-06-08 16:53:01] production.DEBUG: -------------IN_IA----------- [true] 
[2020-06-08 16:53:01] production.DEBUG: ----定时任务执行----  
[2020-06-08 16:53:01] production.DEBUG: 3未开启  
[2020-06-08 16:53:01] production.DEBUG: 39未开启  
[2020-06-08 16:54:01] production.DEBUG: -------------IN_IA----------- [true] 
[2020-06-08 16:54:01] production.DEBUG: ----定时任务执行----  
[2020-06-08 16:54:01] production.DEBUG: 3未开启  
[2020-06-08 16:54:01] production.DEBUG: 39未开启  
[2020-06-08 16:54:18] production.DEBUG: ----userinfo2---- {"openid":"owVKQwRYT7PMiNjR2_hbCBbLbD3A","nickname":"。","sex":1,"language":"zh_CN","city":"","province":"","country":"阿尔巴尼亚","headimgurl":"http://thirdwx.qlogo.cn/mmopen/vi_32/4jwibXVmrz8HQMI53xTDMQQDD7UgXANXBtwo5RwDC51FgicLkFooB9225hqAMGAYMRRqeVf7aiaXAPuEDfDCoXwXg/132","privilege":[],"unionid":"oauhut8OlUzUvw6LdJwSL76dVpjk","subscribe":0,"access_token":"34_DXch7YtMnlznAjy0lZh8q9epF9rm0vuVFYvpOwH49stG6mLIRuiHmRZdmFj4d1Ozn-CzhT52qJQvGqJLjB4nPQ","expires_in":7200,"refresh_token":"34_D7juUv0gFkL-9KWiHOG2MlAZtrtOkodBXd-G1dPiJJ-Hoa3hc4tmbxiFTRidfk9o8N3CYac0fD-bC69MsgHIGg","scope":"snsapi_userinfo"} 
[2020-06-08 16:54:18] production.DEBUG: post ["。"] 
[2020-06-08 16:54:18] production.DEBUG: json ["。"] 
[2020-06-08 16:54:18] production.DEBUG: ----unionid--- [125607] 
[2020-06-08 16:54:18] production.DEBUG: ----fans---- [125607] 
[2020-06-08 16:54:18] production.DEBUG: 微信登陆更新  
[2020-06-08 16:54:18] production.DEBUG: ----update_mapping_fans---- [125607] 
[2020-06-08 16:54:43] production.DEBUG: 订单分销280关系链 ["[object] (Yunshop\\Commission\\models\\YzMember: {\"member_id\":125607,\"uniacid\":39,\"parent_id\":0,\"group_id\":0,\"level_id\":0,\"inviter\":1,\"is_black\":0,\"province_name\":\"\",\"city_name\":\"\",\"area_name\":\"\",\"province\":0,\"city\":0,\"area\":0,\"address\":null,\"referralsn\":\"0\",\"is_agent\":0,\"alipayname\":null,\"alipay\":null,\"content\":null,\"status\":0,\"child_time\":0,\"agent_time\":0,\"apply_time\":0,\"relation\":\"\",\"created_at\":\"2020-05-25 09:18:23\",\"updated_at\":\"2020-06-08 16:54:18\",\"deleted_at\":null,\"custom_value\":null,\"validity\":null,\"member_form\":null,\"pay_password\":null,\"salt\":null,\"withdraw_mobile\":\"\",\"wechat\":null,\"yz_openid\":\"owVKQwRYT7PMiNjR2_hbCBbLbD3A\",\"invite_code\":\"BEACVK05\",\"upgrade_at\":null,\"downgrade_at\":null,\"access_token_1\":\"34_DXch7YtMnlznAjy0lZh8q9epF9rm0vuVFYvpOwH49stG6mLIRuiHmRZdmFj4d1Ozn-CzhT52qJQvGqJLjB4nPQ\",\"access_expires_in_1\":1591613658,\"refresh_token_1\":\"34_D7juUv0gFkL-9KWiHOG2MlAZtrtOkodBXd-G1dPiJJ-Hoa3hc4tmbxiFTRidfk9o8N3CYac0fD-bC69MsgHIGg\",\"refresh_expires_in_1\":1594025658,\"access_token_2\":\"0\",\"access_expires_in_2\":0,\"refresh_token_2\":\"0\",\"refresh_expires_in_2\":0,\"is_old\":0,\"mark_member_id\":0,\"belongs_to_parent\":null,\"agent\":null,\"has_one_fans\":{\"fanid\":122236,\"acid\":39,\"uniacid\":39,\"uid\":125607,\"openid\":\"owVKQwRYT7PMiNjR2_hbCBbLbD3A\",\"nickname\":\"。\",\"groupid\":\"0\",\"salt\":\"\",\"follow\":0,\"followtime\":1591254133,\"unfollowtime\":1591254064,\"tag\":\"YToxNTp7czo2OiJvcGVuaWQiO3M6Mjg6Im93VktRd1JZVDdQTWlOalIyX2hiQ0JiTGJEM0EiO3M6ODoibmlja25hbWUiO3M6Mzoi44CCIjtzOjM6InNleCI7aToxO3M6ODoibGFuZ3VhZ2UiO3M6NToiemhfQ04iO3M6NDoiY2l0eSI7czowOiIiO3M6ODoicHJvdmluY2UiO3M6MDoiIjtzOjc6ImNvdW50cnkiO3M6MTU6IumYv+WwlOW3tOWwvOS6miI7czoxMDoiaGVhZGltZ3VybCI7czoxMzA6Imh0dHA6Ly90aGlyZHd4LnFsb2dvLmNuL21tb3Blbi92aV8zMi80andpYlhWbXJ6OEhRTUk1M3hURE1RUUREN1VnWEFOWEJ0d281UndEQzUxRmdpY0xrRm9vQjkyMjVocUFNR0FZTVJScWVWZjdhaWFYQVB1RURmRENvWHdYZy8xMzIiO3M6OToicHJpdmlsZWdlIjthOjA6e31zOjc6InVuaW9uaWQiO3M6Mjg6Im9hdWh1dDhPbFV6VXZ3NkxkSndTTDc2ZFZwamsiO3M6OToic3Vic2NyaWJlIjtpOjA7czoxMjoiYWNjZXNzX3Rva2VuIjtzOjg5OiIzNF9EWGNoN1l0TW5sem5BankwbFpoOHE5ZXBGOXJtMHZ1VkZZdnBPd0g0OXN0RzZtTElSdWlIbVJaZG1GajRkMU96bi1DemhUNTJxSlF2R3FKTGpCNG5QUSI7czoxMDoiZXhwaXJlc19pbiI7aTo3MjAwO3M6MTM6InJlZnJlc2hfdG9rZW4iO3M6ODk6IjM0X0Q3anVVdjBnRmtMLTlLV2lIT0cyTWxBWnRydE9rb2RCWGQtRzFkUGlKSi1Ib2EzaGM0dG1ieGlGVFJpZGZrOW84TjNDWWFjMGZELWJDNjlNc2dISUdnIjtzOjU6InNjb3BlIjtzOjE1OiJzbnNhcGlfdXNlcmluZm8iO30=\",\"updatetime\":1591556403,\"unionid\":\"oauhut8OlUzUvw6LdJwSL76dVpjk\",\"user_from\":0}})"] 
[2020-06-08 16:54:43] production.DEBUG: 订单分销280层级 {"first_level":null} 
[2020-06-08 16:54:43] production.DEBUG: 订单分销没有上级 ["280"] 
[2020-06-08 16:54:43] production.DEBUG: 订单分销280:没有上级  
[2020-06-08 16:54:43] production.DEBUG: 会员上线ID进入时1-: 0  
[2020-06-08 16:55:02] production.DEBUG: -------------IN_IA----------- [true] 
[2020-06-08 16:55:02] production.DEBUG: ----定时任务执行----  
[2020-06-08 16:55:02] production.DEBUG: 3未开启  
[2020-06-08 16:55:02] production.DEBUG: 39未开启  
[2020-06-08 16:56:01] production.DEBUG: -------------IN_IA----------- [true] 
[2020-06-08 16:56:01] production.DEBUG: ----定时任务执行----  
[2020-06-08 16:56:01] production.DEBUG: 3未开启  
[2020-06-08 16:56:01] production.DEBUG: 39未开启  
[2020-06-08 16:57:01] production.DEBUG: -------------IN_IA----------- [true] 
[2020-06-08 16:57:01] production.DEBUG: ----定时任务执行----  
[2020-06-08 16:57:01] production.DEBUG: 3未开启  
[2020-06-08 16:57:01] production.DEBUG: 39未开启  
[2020-06-08 16:58:02] production.DEBUG: -------------IN_IA----------- [true] 
[2020-06-08 16:58:02] production.DEBUG: ----定时任务执行----  
[2020-06-08 16:58:02] production.DEBUG: 3未开启  
[2020-06-08 16:58:02] production.DEBUG: 39未开启  
